[2018-06-19T00:03:58,598][INFO ][o.e.n.Node               ] [lwXRSRU] stopping ...
[2018-06-19T00:04:00,222][INFO ][o.e.x.w.WatcherService   ] [lwXRSRU] stopping watch service, reason [shutdown initiated]
[2018-06-19T00:04:00,891][INFO ][o.e.n.Node               ] [lwXRSRU] stopped
[2018-06-19T00:04:00,891][INFO ][o.e.n.Node               ] [lwXRSRU] closing ...
[2018-06-19T00:04:01,367][INFO ][o.e.n.Node               ] [lwXRSRU] closed
[2018-06-19T00:08:04,206][INFO ][o.e.n.Node               ] [] initializing ...
[2018-06-19T00:08:04,518][INFO ][o.e.e.NodeEnvironment    ] [lwXRSRU] using [1] data paths, mounts [[(C:)]], net usable_space [14gb], net total_space [75gb], types [NTFS]
[2018-06-19T00:08:04,518][INFO ][o.e.e.NodeEnvironment    ] [lwXRSRU] heap size [990.7mb], compressed ordinary object pointers [true]
[2018-06-19T00:08:04,628][INFO ][o.e.n.Node               ] [lwXRSRU] node name derived from node ID [lwXRSRUCTlC5yHmqgu12MQ]; set [node.name] to override
[2018-06-19T00:08:04,628][INFO ][o.e.n.Node               ] [lwXRSRU] version[6.3.0], pid[6116], build[default/zip/424e937/2018-06-11T23:38:03.357887Z], OS[Windows 10/10.0/amd64], JVM[Oracle Corporation/Java HotSpot(TM) 64-Bit Server VM/1.8.0_171/25.171-b11]
[2018-06-19T00:08:04,628][INFO ][o.e.n.Node               ] [lwXRSRU] JVM arguments [-Xms1g, -Xmx1g, -XX:+UseConcMarkSweepGC, -XX:CMSInitiatingOccupancyFraction=75, -XX:+UseCMSInitiatingOccupancyOnly, -XX:+AlwaysPreTouch, -Xss1m, -Djava.awt.headless=true, -Dfile.encoding=UTF-8, -Djna.nosys=true, -XX:-OmitStackTraceInFastThrow, -Dio.netty.noUnsafe=true, -Dio.netty.noKeySetOptimization=true, -Dio.netty.recycler.maxCapacityPerThread=0, -Dlog4j.shutdownHookEnabled=false, -Dlog4j2.disable.jmx=true, -Djava.io.tmpdir=C:\Users\Satish\AppData\Local\Temp\elasticsearch, -XX:+HeapDumpOnOutOfMemoryError, -XX:HeapDumpPath=data, -XX:ErrorFile=logs/hs_err_pid%p.log, -XX:+PrintGCDetails, -XX:+PrintGCDateStamps, -XX:+PrintTenuringDistribution, -XX:+PrintGCApplicationStoppedTime, -Xloggc:logs/gc.log, -XX:+UseGCLogFileRotation, -XX:NumberOfGCLogFiles=32, -XX:GCLogFileSize=64m, -Delasticsearch, -Des.path.home=C:\Users\Satish\Desktop\Yash Assignment\frrole-web-app\elasticsearch-6.3.0, -Des.path.conf=C:\Users\Satish\Desktop\Yash Assignment\frrole-web-app\elasticsearch-6.3.0\config, -Des.distribution.flavor=default, -Des.distribution.type=zip]
[2018-06-19T00:08:25,628][INFO ][o.e.p.PluginsService     ] [lwXRSRU] loaded module [aggs-matrix-stats]
[2018-06-19T00:08:25,628][INFO ][o.e.p.PluginsService     ] [lwXRSRU] loaded module [analysis-common]
[2018-06-19T00:08:25,628][INFO ][o.e.p.PluginsService     ] [lwXRSRU] loaded module [ingest-common]
[2018-06-19T00:08:25,628][INFO ][o.e.p.PluginsService     ] [lwXRSRU] loaded module [lang-expression]
[2018-06-19T00:08:25,628][INFO ][o.e.p.PluginsService     ] [lwXRSRU] loaded module [lang-mustache]
[2018-06-19T00:08:25,628][INFO ][o.e.p.PluginsService     ] [lwXRSRU] loaded module [lang-painless]
[2018-06-19T00:08:25,628][INFO ][o.e.p.PluginsService     ] [lwXRSRU] loaded module [mapper-extras]
[2018-06-19T00:08:25,628][INFO ][o.e.p.PluginsService     ] [lwXRSRU] loaded module [parent-join]
[2018-06-19T00:08:25,644][INFO ][o.e.p.PluginsService     ] [lwXRSRU] loaded module [percolator]
[2018-06-19T00:08:25,644][INFO ][o.e.p.PluginsService     ] [lwXRSRU] loaded module [rank-eval]
[2018-06-19T00:08:25,644][INFO ][o.e.p.PluginsService     ] [lwXRSRU] loaded module [reindex]
[2018-06-19T00:08:25,644][INFO ][o.e.p.PluginsService     ] [lwXRSRU] loaded module [repository-url]
[2018-06-19T00:08:25,644][INFO ][o.e.p.PluginsService     ] [lwXRSRU] loaded module [transport-netty4]
[2018-06-19T00:08:25,644][INFO ][o.e.p.PluginsService     ] [lwXRSRU] loaded module [tribe]
[2018-06-19T00:08:25,644][INFO ][o.e.p.PluginsService     ] [lwXRSRU] loaded module [x-pack-core]
[2018-06-19T00:08:25,644][INFO ][o.e.p.PluginsService     ] [lwXRSRU] loaded module [x-pack-deprecation]
[2018-06-19T00:08:25,644][INFO ][o.e.p.PluginsService     ] [lwXRSRU] loaded module [x-pack-graph]
[2018-06-19T00:08:25,644][INFO ][o.e.p.PluginsService     ] [lwXRSRU] loaded module [x-pack-logstash]
[2018-06-19T00:08:25,644][INFO ][o.e.p.PluginsService     ] [lwXRSRU] loaded module [x-pack-ml]
[2018-06-19T00:08:25,644][INFO ][o.e.p.PluginsService     ] [lwXRSRU] loaded module [x-pack-monitoring]
[2018-06-19T00:08:25,644][INFO ][o.e.p.PluginsService     ] [lwXRSRU] loaded module [x-pack-rollup]
[2018-06-19T00:08:25,644][INFO ][o.e.p.PluginsService     ] [lwXRSRU] loaded module [x-pack-security]
[2018-06-19T00:08:25,644][INFO ][o.e.p.PluginsService     ] [lwXRSRU] loaded module [x-pack-sql]
[2018-06-19T00:08:25,644][INFO ][o.e.p.PluginsService     ] [lwXRSRU] loaded module [x-pack-upgrade]
[2018-06-19T00:08:25,644][INFO ][o.e.p.PluginsService     ] [lwXRSRU] loaded module [x-pack-watcher]
[2018-06-19T00:08:25,644][INFO ][o.e.p.PluginsService     ] [lwXRSRU] no plugins loaded
[2018-06-19T00:08:38,217][INFO ][o.e.x.s.a.s.FileRolesStore] [lwXRSRU] parsed [0] roles from file [C:\Users\Satish\Desktop\Yash Assignment\frrole-web-app\elasticsearch-6.3.0\config\roles.yml]
[2018-06-19T00:08:45,942][INFO ][o.e.x.m.j.p.l.CppLogMessageHandler] [controller/8712] [Main.cc@109] controller (64 bit): Version 6.3.0 (Build 0f0a34c67965d7) Copyright (c) 2018 Elasticsearch BV
[2018-06-19T00:08:51,100][DEBUG][o.e.a.ActionModule       ] Using REST wrapper from plugin org.elasticsearch.xpack.security.Security
[2018-06-19T00:08:51,701][INFO ][o.e.d.DiscoveryModule    ] [lwXRSRU] using discovery type [zen]
[2018-06-19T00:08:53,691][INFO ][o.e.n.Node               ] [lwXRSRU] initialized
[2018-06-19T00:08:53,691][INFO ][o.e.n.Node               ] [lwXRSRU] starting ...
[2018-06-19T00:08:54,768][INFO ][o.e.t.TransportService   ] [lwXRSRU] publish_address {127.0.0.1:9300}, bound_addresses {127.0.0.1:9300}, {[::1]:9300}
[2018-06-19T00:08:58,078][INFO ][o.e.c.s.MasterService    ] [lwXRSRU] zen-disco-elected-as-master ([0] nodes joined)[, ], reason: new_master {lwXRSRU}{lwXRSRUCTlC5yHmqgu12MQ}{d-nIx53tQkmw-CIbUfyeQw}{127.0.0.1}{127.0.0.1:9300}{ml.machine_memory=4039487488, xpack.installed=true, ml.max_open_jobs=20, ml.enabled=true}
[2018-06-19T00:08:58,083][INFO ][o.e.c.s.ClusterApplierService] [lwXRSRU] new_master {lwXRSRU}{lwXRSRUCTlC5yHmqgu12MQ}{d-nIx53tQkmw-CIbUfyeQw}{127.0.0.1}{127.0.0.1:9300}{ml.machine_memory=4039487488, xpack.installed=true, ml.max_open_jobs=20, ml.enabled=true}, reason: apply cluster state (from master [master {lwXRSRU}{lwXRSRUCTlC5yHmqgu12MQ}{d-nIx53tQkmw-CIbUfyeQw}{127.0.0.1}{127.0.0.1:9300}{ml.machine_memory=4039487488, xpack.installed=true, ml.max_open_jobs=20, ml.enabled=true} committed version [1] source [zen-disco-elected-as-master ([0] nodes joined)[, ]]])
[2018-06-19T00:08:58,532][INFO ][o.e.x.s.t.n.SecurityNetty4HttpServerTransport] [lwXRSRU] publish_address {127.0.0.1:9200}, bound_addresses {127.0.0.1:9200}, {[::1]:9200}
[2018-06-19T00:08:58,533][INFO ][o.e.n.Node               ] [lwXRSRU] started
[2018-06-19T00:09:08,227][WARN ][o.e.x.s.a.s.m.NativeRoleMappingStore] [lwXRSRU] Failed to clear cache for realms [[]]
[2018-06-19T00:09:08,845][INFO ][o.e.l.LicenseService     ] [lwXRSRU] license [f9b128bb-0133-49e3-899e-113c92cac85d] mode [basic] - valid
[2018-06-19T00:09:08,939][INFO ][o.e.g.GatewayService     ] [lwXRSRU] recovered [1] indices into cluster_state
[2018-06-19T00:09:20,484][INFO ][o.e.c.r.a.AllocationService] [lwXRSRU] Cluster health status changed from [RED] to [YELLOW] (reason: [shards started [[my-tweets][3]] ...]).
[2018-06-19T01:01:11,917][INFO ][o.e.n.Node               ] [lwXRSRU] stopping ...
[2018-06-19T01:01:11,948][INFO ][o.e.x.w.WatcherService   ] [lwXRSRU] stopping watch service, reason [shutdown initiated]
[2018-06-19T01:01:12,263][INFO ][o.e.x.m.j.p.l.CppLogMessageHandler] [controller/8712] [Main.cc@148] Ml controller exiting
[2018-06-19T01:01:12,263][INFO ][o.e.x.m.j.p.NativeController] Native controller process has stopped - no new native processes can be started
[2018-06-19T01:01:12,332][INFO ][o.e.n.Node               ] [lwXRSRU] stopped
[2018-06-19T01:01:12,347][INFO ][o.e.n.Node               ] [lwXRSRU] closing ...
[2018-06-19T01:01:12,363][INFO ][o.e.n.Node               ] [lwXRSRU] closed
[2018-06-19T14:51:18,848][INFO ][o.e.n.Node               ] [] initializing ...
[2018-06-19T14:51:19,834][INFO ][o.e.e.NodeEnvironment    ] [lwXRSRU] using [1] data paths, mounts [[(C:)]], net usable_space [13.8gb], net total_space [75gb], types [NTFS]
[2018-06-19T14:51:19,834][INFO ][o.e.e.NodeEnvironment    ] [lwXRSRU] heap size [990.7mb], compressed ordinary object pointers [true]
[2018-06-19T14:51:20,518][INFO ][o.e.n.Node               ] [lwXRSRU] node name derived from node ID [lwXRSRUCTlC5yHmqgu12MQ]; set [node.name] to override
[2018-06-19T14:51:20,518][INFO ][o.e.n.Node               ] [lwXRSRU] version[6.3.0], pid[8076], build[default/zip/424e937/2018-06-11T23:38:03.357887Z], OS[Windows 10/10.0/amd64], JVM[Oracle Corporation/Java HotSpot(TM) 64-Bit Server VM/1.8.0_171/25.171-b11]
[2018-06-19T14:51:20,518][INFO ][o.e.n.Node               ] [lwXRSRU] JVM arguments [-Xms1g, -Xmx1g, -XX:+UseConcMarkSweepGC, -XX:CMSInitiatingOccupancyFraction=75, -XX:+UseCMSInitiatingOccupancyOnly, -XX:+AlwaysPreTouch, -Xss1m, -Djava.awt.headless=true, -Dfile.encoding=UTF-8, -Djna.nosys=true, -XX:-OmitStackTraceInFastThrow, -Dio.netty.noUnsafe=true, -Dio.netty.noKeySetOptimization=true, -Dio.netty.recycler.maxCapacityPerThread=0, -Dlog4j.shutdownHookEnabled=false, -Dlog4j2.disable.jmx=true, -Djava.io.tmpdir=C:\Users\Satish\AppData\Local\Temp\elasticsearch, -XX:+HeapDumpOnOutOfMemoryError, -XX:HeapDumpPath=data, -XX:ErrorFile=logs/hs_err_pid%p.log, -XX:+PrintGCDetails, -XX:+PrintGCDateStamps, -XX:+PrintTenuringDistribution, -XX:+PrintGCApplicationStoppedTime, -Xloggc:logs/gc.log, -XX:+UseGCLogFileRotation, -XX:NumberOfGCLogFiles=32, -XX:GCLogFileSize=64m, -Delasticsearch, -Des.path.home=C:\Users\Satish\Desktop\Yash Assignment\frrole-web-app\elasticsearch-6.3.0, -Des.path.conf=C:\Users\Satish\Desktop\Yash Assignment\frrole-web-app\elasticsearch-6.3.0\config, -Des.distribution.flavor=default, -Des.distribution.type=zip]
[2018-06-19T14:51:34,445][INFO ][o.e.p.PluginsService     ] [lwXRSRU] loaded module [aggs-matrix-stats]
[2018-06-19T14:51:34,445][INFO ][o.e.p.PluginsService     ] [lwXRSRU] loaded module [analysis-common]
[2018-06-19T14:51:34,445][INFO ][o.e.p.PluginsService     ] [lwXRSRU] loaded module [ingest-common]
[2018-06-19T14:51:34,445][INFO ][o.e.p.PluginsService     ] [lwXRSRU] loaded module [lang-expression]
[2018-06-19T14:51:34,445][INFO ][o.e.p.PluginsService     ] [lwXRSRU] loaded module [lang-mustache]
[2018-06-19T14:51:34,445][INFO ][o.e.p.PluginsService     ] [lwXRSRU] loaded module [lang-painless]
[2018-06-19T14:51:34,445][INFO ][o.e.p.PluginsService     ] [lwXRSRU] loaded module [mapper-extras]
[2018-06-19T14:51:34,445][INFO ][o.e.p.PluginsService     ] [lwXRSRU] loaded module [parent-join]
[2018-06-19T14:51:34,445][INFO ][o.e.p.PluginsService     ] [lwXRSRU] loaded module [percolator]
[2018-06-19T14:51:34,445][INFO ][o.e.p.PluginsService     ] [lwXRSRU] loaded module [rank-eval]
[2018-06-19T14:51:34,445][INFO ][o.e.p.PluginsService     ] [lwXRSRU] loaded module [reindex]
[2018-06-19T14:51:34,445][INFO ][o.e.p.PluginsService     ] [lwXRSRU] loaded module [repository-url]
[2018-06-19T14:51:34,461][INFO ][o.e.p.PluginsService     ] [lwXRSRU] loaded module [transport-netty4]
[2018-06-19T14:51:34,461][INFO ][o.e.p.PluginsService     ] [lwXRSRU] loaded module [tribe]
[2018-06-19T14:51:34,461][INFO ][o.e.p.PluginsService     ] [lwXRSRU] loaded module [x-pack-core]
[2018-06-19T14:51:34,461][INFO ][o.e.p.PluginsService     ] [lwXRSRU] loaded module [x-pack-deprecation]
[2018-06-19T14:51:34,461][INFO ][o.e.p.PluginsService     ] [lwXRSRU] loaded module [x-pack-graph]
[2018-06-19T14:51:34,461][INFO ][o.e.p.PluginsService     ] [lwXRSRU] loaded module [x-pack-logstash]
[2018-06-19T14:51:34,461][INFO ][o.e.p.PluginsService     ] [lwXRSRU] loaded module [x-pack-ml]
[2018-06-19T14:51:34,461][INFO ][o.e.p.PluginsService     ] [lwXRSRU] loaded module [x-pack-monitoring]
[2018-06-19T14:51:34,461][INFO ][o.e.p.PluginsService     ] [lwXRSRU] loaded module [x-pack-rollup]
[2018-06-19T14:51:34,461][INFO ][o.e.p.PluginsService     ] [lwXRSRU] loaded module [x-pack-security]
[2018-06-19T14:51:34,461][INFO ][o.e.p.PluginsService     ] [lwXRSRU] loaded module [x-pack-sql]
[2018-06-19T14:51:34,461][INFO ][o.e.p.PluginsService     ] [lwXRSRU] loaded module [x-pack-upgrade]
[2018-06-19T14:51:34,461][INFO ][o.e.p.PluginsService     ] [lwXRSRU] loaded module [x-pack-watcher]
[2018-06-19T14:51:34,461][INFO ][o.e.p.PluginsService     ] [lwXRSRU] no plugins loaded
[2018-06-19T14:51:53,544][INFO ][o.e.x.s.a.s.FileRolesStore] [lwXRSRU] parsed [0] roles from file [C:\Users\Satish\Desktop\Yash Assignment\frrole-web-app\elasticsearch-6.3.0\config\roles.yml]
[2018-06-19T14:51:55,509][INFO ][o.e.x.m.j.p.l.CppLogMessageHandler] [controller/7824] [Main.cc@109] controller (64 bit): Version 6.3.0 (Build 0f0a34c67965d7) Copyright (c) 2018 Elasticsearch BV
[2018-06-19T14:51:56,483][DEBUG][o.e.a.ActionModule       ] Using REST wrapper from plugin org.elasticsearch.xpack.security.Security
[2018-06-19T14:51:57,373][INFO ][o.e.d.DiscoveryModule    ] [lwXRSRU] using discovery type [zen]
[2018-06-19T14:51:59,583][INFO ][o.e.n.Node               ] [lwXRSRU] initialized
[2018-06-19T14:51:59,584][INFO ][o.e.n.Node               ] [lwXRSRU] starting ...
[2018-06-19T14:52:00,396][INFO ][o.e.t.TransportService   ] [lwXRSRU] publish_address {127.0.0.1:9300}, bound_addresses {127.0.0.1:9300}, {[::1]:9300}
[2018-06-19T14:52:03,702][INFO ][o.e.c.s.MasterService    ] [lwXRSRU] zen-disco-elected-as-master ([0] nodes joined)[, ], reason: new_master {lwXRSRU}{lwXRSRUCTlC5yHmqgu12MQ}{_gOsrjE5TAm6IgKAOZ3Yuw}{127.0.0.1}{127.0.0.1:9300}{ml.machine_memory=4039487488, xpack.installed=true, ml.max_open_jobs=20, ml.enabled=true}
[2018-06-19T14:52:03,707][INFO ][o.e.c.s.ClusterApplierService] [lwXRSRU] new_master {lwXRSRU}{lwXRSRUCTlC5yHmqgu12MQ}{_gOsrjE5TAm6IgKAOZ3Yuw}{127.0.0.1}{127.0.0.1:9300}{ml.machine_memory=4039487488, xpack.installed=true, ml.max_open_jobs=20, ml.enabled=true}, reason: apply cluster state (from master [master {lwXRSRU}{lwXRSRUCTlC5yHmqgu12MQ}{_gOsrjE5TAm6IgKAOZ3Yuw}{127.0.0.1}{127.0.0.1:9300}{ml.machine_memory=4039487488, xpack.installed=true, ml.max_open_jobs=20, ml.enabled=true} committed version [1] source [zen-disco-elected-as-master ([0] nodes joined)[, ]]])
[2018-06-19T14:52:04,070][INFO ][o.e.x.s.t.n.SecurityNetty4HttpServerTransport] [lwXRSRU] publish_address {127.0.0.1:9200}, bound_addresses {127.0.0.1:9200}, {[::1]:9200}
[2018-06-19T14:52:04,070][INFO ][o.e.n.Node               ] [lwXRSRU] started
[2018-06-19T14:52:05,188][WARN ][o.e.x.s.a.s.m.NativeRoleMappingStore] [lwXRSRU] Failed to clear cache for realms [[]]
[2018-06-19T14:52:05,256][INFO ][o.e.l.LicenseService     ] [lwXRSRU] license [f9b128bb-0133-49e3-899e-113c92cac85d] mode [basic] - valid
[2018-06-19T14:52:05,302][INFO ][o.e.g.GatewayService     ] [lwXRSRU] recovered [1] indices into cluster_state
[2018-06-19T14:52:14,869][INFO ][o.e.c.r.a.AllocationService] [lwXRSRU] Cluster health status changed from [RED] to [YELLOW] (reason: [shards started [[my-tweets][3]] ...]).
[2018-06-19T16:14:32,329][DEBUG][o.e.a.s.TransportSearchAction] [lwXRSRU] [my-tweets][3], node[lwXRSRUCTlC5yHmqgu12MQ], [P], s[STARTED], a[id=hoZD6PdbQx-VEmky_zLaIQ]: Failed to execute [SearchRequest{searchType=QUERY_THEN_FETCH, indices=[my-tweets], indicesOptions=IndicesOptions[id=38, ignore_unavailable=false, allow_no_indices=true, expand_wildcards_open=true, expand_wildcards_closed=false, allow_aliases_to_multiple_indices=true, forbid_closed_indices=true, ignore_aliases=false], types=[], routing='null', preference='null', requestCache=null, scroll=null, maxConcurrentShardRequests=5, batchedReduceSize=512, preFilterShardSize=128, allowPartialSearchResults=true, source={"query":{"query_string":{"query":"message:python,author:nicolaiarocci","fields":[],"type":"best_fields","default_operator":"or","max_determinized_states":10000,"enable_position_increments":true,"fuzziness":"AUTO","fuzzy_prefix_length":0,"fuzzy_max_expansions":50,"phrase_slop":0,"analyze_wildcard":false,"escape":false,"auto_generate_synonyms_phrase_query":true,"fuzzy_transpositions":true,"boost":1.0}}}}]
org.elasticsearch.transport.RemoteTransportException: [lwXRSRU][127.0.0.1:9300][indices:data/read/search[phase/query]]
Caused by: org.elasticsearch.index.query.QueryShardException: Failed to parse query [message:python,author:nicolaiarocci]
	at org.elasticsearch.index.query.QueryStringQueryBuilder.doToQuery(QueryStringQueryBuilder.java:1043) ~[elasticsearch-6.3.0.jar:6.3.0]
	at org.elasticsearch.index.query.AbstractQueryBuilder.toQuery(AbstractQueryBuilder.java:98) ~[elasticsearch-6.3.0.jar:6.3.0]
	at org.elasticsearch.index.query.QueryShardContext.lambda$toQuery$2(QueryShardContext.java:304) ~[elasticsearch-6.3.0.jar:6.3.0]
	at org.elasticsearch.index.query.QueryShardContext.toQuery(QueryShardContext.java:316) ~[elasticsearch-6.3.0.jar:6.3.0]
	at org.elasticsearch.index.query.QueryShardContext.toQuery(QueryShardContext.java:303) ~[elasticsearch-6.3.0.jar:6.3.0]
	at org.elasticsearch.search.SearchService.parseSource(SearchService.java:724) ~[elasticsearch-6.3.0.jar:6.3.0]
	at org.elasticsearch.search.SearchService.createContext(SearchService.java:575) ~[elasticsearch-6.3.0.jar:6.3.0]
	at org.elasticsearch.search.SearchService.createAndPutContext(SearchService.java:551) ~[elasticsearch-6.3.0.jar:6.3.0]
	at org.elasticsearch.search.SearchService.executeQueryPhase(SearchService.java:347) ~[elasticsearch-6.3.0.jar:6.3.0]
	at org.elasticsearch.search.SearchService$2.onResponse(SearchService.java:333) [elasticsearch-6.3.0.jar:6.3.0]
	at org.elasticsearch.search.SearchService$2.onResponse(SearchService.java:329) [elasticsearch-6.3.0.jar:6.3.0]
	at org.elasticsearch.search.SearchService$3.doRun(SearchService.java:1019) [elasticsearch-6.3.0.jar:6.3.0]
	at org.elasticsearch.common.util.concurrent.ThreadContext$ContextPreservingAbstractRunnable.doRun(ThreadContext.java:724) [elasticsearch-6.3.0.jar:6.3.0]
	at org.elasticsearch.common.util.concurrent.AbstractRunnable.run(AbstractRunnable.java:37) [elasticsearch-6.3.0.jar:6.3.0]
	at org.elasticsearch.common.util.concurrent.TimedRunnable.doRun(TimedRunnable.java:41) [elasticsearch-6.3.0.jar:6.3.0]
	at org.elasticsearch.common.util.concurrent.AbstractRunnable.run(AbstractRunnable.java:37) [elasticsearch-6.3.0.jar:6.3.0]
	at java.util.concurrent.ThreadPoolExecutor.runWorker(ThreadPoolExecutor.java:1149) [?:1.8.0_171]
	at java.util.concurrent.ThreadPoolExecutor$Worker.run(ThreadPoolExecutor.java:624) [?:1.8.0_171]
	at java.lang.Thread.run(Thread.java:748) [?:1.8.0_171]
Caused by: org.apache.lucene.queryparser.classic.ParseException: Cannot parse 'message:python,author:nicolaiarocci': Encountered " ":" ": "" at line 1, column 21.
Was expecting one of:
    <EOF> 
    <AND> ...
    <OR> ...
    <NOT> ...
    "+" ...
    "-" ...
    <BAREOPER> ...
    "(" ...
    "*" ...
    "^" ...
    <QUOTED> ...
    <TERM> ...
    <FUZZY_SLOP> ...
    <PREFIXTERM> ...
    <WILDTERM> ...
    <REGEXPTERM> ...
    "[" ...
    "{" ...
    <NUMBER> ...
    
	at org.apache.lucene.queryparser.classic.QueryParserBase.parse(QueryParserBase.java:114) ~[lucene-queryparser-7.3.1.jar:7.3.1 ae0705edb59eaa567fe13ed3a222fdadc7153680 - caomanhdat - 2018-05-09 09:28:06]
	at org.elasticsearch.index.search.QueryStringQueryParser.parse(QueryStringQueryParser.java:778) ~[elasticsearch-6.3.0.jar:6.3.0]
	at org.elasticsearch.index.query.QueryStringQueryBuilder.doToQuery(QueryStringQueryBuilder.java:1041) ~[elasticsearch-6.3.0.jar:6.3.0]
	at org.elasticsearch.index.query.AbstractQueryBuilder.toQuery(AbstractQueryBuilder.java:98) ~[elasticsearch-6.3.0.jar:6.3.0]
	at org.elasticsearch.index.query.QueryShardContext.lambda$toQuery$2(QueryShardContext.java:304) ~[elasticsearch-6.3.0.jar:6.3.0]
	at org.elasticsearch.index.query.QueryShardContext.toQuery(QueryShardContext.java:316) ~[elasticsearch-6.3.0.jar:6.3.0]
	at org.elasticsearch.index.query.QueryShardContext.toQuery(QueryShardContext.java:303) ~[elasticsearch-6.3.0.jar:6.3.0]
	at org.elasticsearch.search.SearchService.parseSource(SearchService.java:724) ~[elasticsearch-6.3.0.jar:6.3.0]
	at org.elasticsearch.search.SearchService.createContext(SearchService.java:575) ~[elasticsearch-6.3.0.jar:6.3.0]
	at org.elasticsearch.search.SearchService.createAndPutContext(SearchService.java:551) ~[elasticsearch-6.3.0.jar:6.3.0]
	at org.elasticsearch.search.SearchService.executeQueryPhase(SearchService.java:347) ~[elasticsearch-6.3.0.jar:6.3.0]
	at org.elasticsearch.search.SearchService$2.onResponse(SearchService.java:333) ~[elasticsearch-6.3.0.jar:6.3.0]
	at org.elasticsearch.search.SearchService$2.onResponse(SearchService.java:329) [elasticsearch-6.3.0.jar:6.3.0]
	at org.elasticsearch.search.SearchService$3.doRun(SearchService.java:1019) ~[elasticsearch-6.3.0.jar:6.3.0]
	at org.elasticsearch.common.util.concurrent.ThreadContext$ContextPreservingAbstractRunnable.doRun(ThreadContext.java:724) ~[elasticsearch-6.3.0.jar:6.3.0]
	at org.elasticsearch.common.util.concurrent.AbstractRunnable.run(AbstractRunnable.java:37) ~[elasticsearch-6.3.0.jar:6.3.0]
	at org.elasticsearch.common.util.concurrent.TimedRunnable.doRun(TimedRunnable.java:41) ~[elasticsearch-6.3.0.jar:6.3.0]
	at org.elasticsearch.common.util.concurrent.AbstractRunnable.run(AbstractRunnable.java:37) ~[elasticsearch-6.3.0.jar:6.3.0]
	at java.util.concurrent.ThreadPoolExecutor.runWorker(ThreadPoolExecutor.java:1149) ~[?:1.8.0_171]
	at java.util.concurrent.ThreadPoolExecutor$Worker.run(ThreadPoolExecutor.java:624) ~[?:1.8.0_171]
	at java.lang.Thread.run(Thread.java:748) ~[?:1.8.0_171]
Caused by: org.apache.lucene.queryparser.classic.ParseException: Encountered " ":" ": "" at line 1, column 21.
Was expecting one of:
    <EOF> 
    <AND> ...
    <OR> ...
    <NOT> ...
    "+" ...
    "-" ...
    <BAREOPER> ...
    "(" ...
    "*" ...
    "^" ...
    <QUOTED> ...
    <TERM> ...
    <FUZZY_SLOP> ...
    <PREFIXTERM> ...
    <WILDTERM> ...
    <REGEXPTERM> ...
    "[" ...
    "{" ...
    <NUMBER> ...
    
	at org.apache.lucene.queryparser.classic.QueryParser.generateParseException(QueryParser.java:931) ~[lucene-queryparser-7.3.1.jar:7.3.1 ae0705edb59eaa567fe13ed3a222fdadc7153680 - caomanhdat - 2018-05-09 09:28:06]
	at org.apache.lucene.queryparser.classic.QueryParser.jj_consume_token(QueryParser.java:813) ~[lucene-queryparser-7.3.1.jar:7.3.1 ae0705edb59eaa567fe13ed3a222fdadc7153680 - caomanhdat - 2018-05-09 09:28:06]
	at org.apache.lucene.queryparser.classic.QueryParser.TopLevelQuery(QueryParser.java:216) ~[lucene-queryparser-7.3.1.jar:7.3.1 ae0705edb59eaa567fe13ed3a222fdadc7153680 - caomanhdat - 2018-05-09 09:28:06]
	at org.apache.lucene.queryparser.classic.QueryParserBase.parse(QueryParserBase.java:109) ~[lucene-queryparser-7.3.1.jar:7.3.1 ae0705edb59eaa567fe13ed3a222fdadc7153680 - caomanhdat - 2018-05-09 09:28:06]
	at org.elasticsearch.index.search.QueryStringQueryParser.parse(QueryStringQueryParser.java:778) ~[elasticsearch-6.3.0.jar:6.3.0]
	at org.elasticsearch.index.query.QueryStringQueryBuilder.doToQuery(QueryStringQueryBuilder.java:1041) ~[elasticsearch-6.3.0.jar:6.3.0]
	at org.elasticsearch.index.query.AbstractQueryBuilder.toQuery(AbstractQueryBuilder.java:98) ~[elasticsearch-6.3.0.jar:6.3.0]
	at org.elasticsearch.index.query.QueryShardContext.lambda$toQuery$2(QueryShardContext.java:304) ~[elasticsearch-6.3.0.jar:6.3.0]
	at org.elasticsearch.index.query.QueryShardContext.toQuery(QueryShardContext.java:316) ~[elasticsearch-6.3.0.jar:6.3.0]
	at org.elasticsearch.index.query.QueryShardContext.toQuery(QueryShardContext.java:303) ~[elasticsearch-6.3.0.jar:6.3.0]
	at org.elasticsearch.search.SearchService.parseSource(SearchService.java:724) ~[elasticsearch-6.3.0.jar:6.3.0]
	at org.elasticsearch.search.SearchService.createContext(SearchService.java:575) ~[elasticsearch-6.3.0.jar:6.3.0]
	at org.elasticsearch.search.SearchService.createAndPutContext(SearchService.java:551) ~[elasticsearch-6.3.0.jar:6.3.0]
	at org.elasticsearch.search.SearchService.executeQueryPhase(SearchService.java:347) ~[elasticsearch-6.3.0.jar:6.3.0]
	at org.elasticsearch.search.SearchService$2.onResponse(SearchService.java:333) ~[elasticsearch-6.3.0.jar:6.3.0]
	at org.elasticsearch.search.SearchService$2.onResponse(SearchService.java:329) ~[elasticsearch-6.3.0.jar:6.3.0]
	at org.elasticsearch.search.SearchService$3.doRun(SearchService.java:1019) ~[elasticsearch-6.3.0.jar:6.3.0]
	at org.elasticsearch.common.util.concurrent.ThreadContext$ContextPreservingAbstractRunnable.doRun(ThreadContext.java:724) ~[elasticsearch-6.3.0.jar:6.3.0]
	at org.elasticsearch.common.util.concurrent.AbstractRunnable.run(AbstractRunnable.java:37) ~[elasticsearch-6.3.0.jar:6.3.0]
	at org.elasticsearch.common.util.concurrent.TimedRunnable.doRun(TimedRunnable.java:41) ~[elasticsearch-6.3.0.jar:6.3.0]
	at org.elasticsearch.common.util.concurrent.AbstractRunnable.run(AbstractRunnable.java:37) ~[elasticsearch-6.3.0.jar:6.3.0]
	at java.util.concurrent.ThreadPoolExecutor.runWorker(ThreadPoolExecutor.java:1149) ~[?:1.8.0_171]
	at java.util.concurrent.ThreadPoolExecutor$Worker.run(ThreadPoolExecutor.java:624) ~[?:1.8.0_171]
	at java.lang.Thread.run(Thread.java:748) ~[?:1.8.0_171]
[2018-06-19T16:14:32,329][DEBUG][o.e.a.s.TransportSearchAction] [lwXRSRU] [my-tweets][1], node[lwXRSRUCTlC5yHmqgu12MQ], [P], s[STARTED], a[id=tdchMO5oT2Ke9zWxn_QO2w]: Failed to execute [SearchRequest{searchType=QUERY_THEN_FETCH, indices=[my-tweets], indicesOptions=IndicesOptions[id=38, ignore_unavailable=false, allow_no_indices=true, expand_wildcards_open=true, expand_wildcards_closed=false, allow_aliases_to_multiple_indices=true, forbid_closed_indices=true, ignore_aliases=false], types=[], routing='null', preference='null', requestCache=null, scroll=null, maxConcurrentShardRequests=5, batchedReduceSize=512, preFilterShardSize=128, allowPartialSearchResults=true, source={"query":{"query_string":{"query":"message:python,author:nicolaiarocci","fields":[],"type":"best_fields","default_operator":"or","max_determinized_states":10000,"enable_position_increments":true,"fuzziness":"AUTO","fuzzy_prefix_length":0,"fuzzy_max_expansions":50,"phrase_slop":0,"analyze_wildcard":false,"escape":false,"auto_generate_synonyms_phrase_query":true,"fuzzy_transpositions":true,"boost":1.0}}}}] lastShard [true]
org.elasticsearch.transport.RemoteTransportException: [lwXRSRU][127.0.0.1:9300][indices:data/read/search[phase/query]]
Caused by: org.elasticsearch.index.query.QueryShardException: Failed to parse query [message:python,author:nicolaiarocci]
	at org.elasticsearch.index.query.QueryStringQueryBuilder.doToQuery(QueryStringQueryBuilder.java:1043) ~[elasticsearch-6.3.0.jar:6.3.0]
	at org.elasticsearch.index.query.AbstractQueryBuilder.toQuery(AbstractQueryBuilder.java:98) ~[elasticsearch-6.3.0.jar:6.3.0]
	at org.elasticsearch.index.query.QueryShardContext.lambda$toQuery$2(QueryShardContext.java:304) ~[elasticsearch-6.3.0.jar:6.3.0]
	at org.elasticsearch.index.query.QueryShardContext.toQuery(QueryShardContext.java:316) ~[elasticsearch-6.3.0.jar:6.3.0]
	at org.elasticsearch.index.query.QueryShardContext.toQuery(QueryShardContext.java:303) ~[elasticsearch-6.3.0.jar:6.3.0]
	at org.elasticsearch.search.SearchService.parseSource(SearchService.java:724) ~[elasticsearch-6.3.0.jar:6.3.0]
	at org.elasticsearch.search.SearchService.createContext(SearchService.java:575) ~[elasticsearch-6.3.0.jar:6.3.0]
	at org.elasticsearch.search.SearchService.createAndPutContext(SearchService.java:551) ~[elasticsearch-6.3.0.jar:6.3.0]
	at org.elasticsearch.search.SearchService.executeQueryPhase(SearchService.java:347) ~[elasticsearch-6.3.0.jar:6.3.0]
	at org.elasticsearch.search.SearchService$2.onResponse(SearchService.java:333) [elasticsearch-6.3.0.jar:6.3.0]
	at org.elasticsearch.search.SearchService$2.onResponse(SearchService.java:329) [elasticsearch-6.3.0.jar:6.3.0]
	at org.elasticsearch.search.SearchService$3.doRun(SearchService.java:1019) [elasticsearch-6.3.0.jar:6.3.0]
	at org.elasticsearch.common.util.concurrent.ThreadContext$ContextPreservingAbstractRunnable.doRun(ThreadContext.java:724) [elasticsearch-6.3.0.jar:6.3.0]
	at org.elasticsearch.common.util.concurrent.AbstractRunnable.run(AbstractRunnable.java:37) [elasticsearch-6.3.0.jar:6.3.0]
	at org.elasticsearch.common.util.concurrent.TimedRunnable.doRun(TimedRunnable.java:41) [elasticsearch-6.3.0.jar:6.3.0]
	at org.elasticsearch.common.util.concurrent.AbstractRunnable.run(AbstractRunnable.java:37) [elasticsearch-6.3.0.jar:6.3.0]
	at java.util.concurrent.ThreadPoolExecutor.runWorker(ThreadPoolExecutor.java:1149) [?:1.8.0_171]
	at java.util.concurrent.ThreadPoolExecutor$Worker.run(ThreadPoolExecutor.java:624) [?:1.8.0_171]
	at java.lang.Thread.run(Thread.java:748) [?:1.8.0_171]
Caused by: org.apache.lucene.queryparser.classic.ParseException: Cannot parse 'message:python,author:nicolaiarocci': Encountered " ":" ": "" at line 1, column 21.
Was expecting one of:
    <EOF> 
    <AND> ...
    <OR> ...
    <NOT> ...
    "+" ...
    "-" ...
    <BAREOPER> ...
    "(" ...
    "*" ...
    "^" ...
    <QUOTED> ...
    <TERM> ...
    <FUZZY_SLOP> ...
    <PREFIXTERM> ...
    <WILDTERM> ...
    <REGEXPTERM> ...
    "[" ...
    "{" ...
    <NUMBER> ...
    
	at org.apache.lucene.queryparser.classic.QueryParserBase.parse(QueryParserBase.java:114) ~[lucene-queryparser-7.3.1.jar:7.3.1 ae0705edb59eaa567fe13ed3a222fdadc7153680 - caomanhdat - 2018-05-09 09:28:06]
	at org.elasticsearch.index.search.QueryStringQueryParser.parse(QueryStringQueryParser.java:778) ~[elasticsearch-6.3.0.jar:6.3.0]
	at org.elasticsearch.index.query.QueryStringQueryBuilder.doToQuery(QueryStringQueryBuilder.java:1041) ~[elasticsearch-6.3.0.jar:6.3.0]
	at org.elasticsearch.index.query.AbstractQueryBuilder.toQuery(AbstractQueryBuilder.java:98) ~[elasticsearch-6.3.0.jar:6.3.0]
	at org.elasticsearch.index.query.QueryShardContext.lambda$toQuery$2(QueryShardContext.java:304) ~[elasticsearch-6.3.0.jar:6.3.0]
	at org.elasticsearch.index.query.QueryShardContext.toQuery(QueryShardContext.java:316) ~[elasticsearch-6.3.0.jar:6.3.0]
	at org.elasticsearch.index.query.QueryShardContext.toQuery(QueryShardContext.java:303) ~[elasticsearch-6.3.0.jar:6.3.0]
	at org.elasticsearch.search.SearchService.parseSource(SearchService.java:724) ~[elasticsearch-6.3.0.jar:6.3.0]
	at org.elasticsearch.search.SearchService.createContext(SearchService.java:575) ~[elasticsearch-6.3.0.jar:6.3.0]
	at org.elasticsearch.search.SearchService.createAndPutContext(SearchService.java:551) ~[elasticsearch-6.3.0.jar:6.3.0]
	at org.elasticsearch.search.SearchService.executeQueryPhase(SearchService.java:347) ~[elasticsearch-6.3.0.jar:6.3.0]
	at org.elasticsearch.search.SearchService$2.onResponse(SearchService.java:333) ~[elasticsearch-6.3.0.jar:6.3.0]
	at org.elasticsearch.search.SearchService$2.onResponse(SearchService.java:329) [elasticsearch-6.3.0.jar:6.3.0]
	at org.elasticsearch.search.SearchService$3.doRun(SearchService.java:1019) ~[elasticsearch-6.3.0.jar:6.3.0]
	at org.elasticsearch.common.util.concurrent.ThreadContext$ContextPreservingAbstractRunnable.doRun(ThreadContext.java:724) ~[elasticsearch-6.3.0.jar:6.3.0]
	at org.elasticsearch.common.util.concurrent.AbstractRunnable.run(AbstractRunnable.java:37) ~[elasticsearch-6.3.0.jar:6.3.0]
	at org.elasticsearch.common.util.concurrent.TimedRunnable.doRun(TimedRunnable.java:41) ~[elasticsearch-6.3.0.jar:6.3.0]
	at org.elasticsearch.common.util.concurrent.AbstractRunnable.run(AbstractRunnable.java:37) ~[elasticsearch-6.3.0.jar:6.3.0]
	at java.util.concurrent.ThreadPoolExecutor.runWorker(ThreadPoolExecutor.java:1149) ~[?:1.8.0_171]
	at java.util.concurrent.ThreadPoolExecutor$Worker.run(ThreadPoolExecutor.java:624) ~[?:1.8.0_171]
	at java.lang.Thread.run(Thread.java:748) ~[?:1.8.0_171]
Caused by: org.apache.lucene.queryparser.classic.ParseException: Encountered " ":" ": "" at line 1, column 21.
Was expecting one of:
    <EOF> 
    <AND> ...
    <OR> ...
    <NOT> ...
    "+" ...
    "-" ...
    <BAREOPER> ...
    "(" ...
    "*" ...
    "^" ...
    <QUOTED> ...
    <TERM> ...
    <FUZZY_SLOP> ...
    <PREFIXTERM> ...
    <WILDTERM> ...
    <REGEXPTERM> ...
    "[" ...
    "{" ...
    <NUMBER> ...
    
	at org.apache.lucene.queryparser.classic.QueryParser.generateParseException(QueryParser.java:931) ~[lucene-queryparser-7.3.1.jar:7.3.1 ae0705edb59eaa567fe13ed3a222fdadc7153680 - caomanhdat - 2018-05-09 09:28:06]
	at org.apache.lucene.queryparser.classic.QueryParser.jj_consume_token(QueryParser.java:813) ~[lucene-queryparser-7.3.1.jar:7.3.1 ae0705edb59eaa567fe13ed3a222fdadc7153680 - caomanhdat - 2018-05-09 09:28:06]
	at org.apache.lucene.queryparser.classic.QueryParser.TopLevelQuery(QueryParser.java:216) ~[lucene-queryparser-7.3.1.jar:7.3.1 ae0705edb59eaa567fe13ed3a222fdadc7153680 - caomanhdat - 2018-05-09 09:28:06]
	at org.apache.lucene.queryparser.classic.QueryParserBase.parse(QueryParserBase.java:109) ~[lucene-queryparser-7.3.1.jar:7.3.1 ae0705edb59eaa567fe13ed3a222fdadc7153680 - caomanhdat - 2018-05-09 09:28:06]
	at org.elasticsearch.index.search.QueryStringQueryParser.parse(QueryStringQueryParser.java:778) ~[elasticsearch-6.3.0.jar:6.3.0]
	at org.elasticsearch.index.query.QueryStringQueryBuilder.doToQuery(QueryStringQueryBuilder.java:1041) ~[elasticsearch-6.3.0.jar:6.3.0]
	at org.elasticsearch.index.query.AbstractQueryBuilder.toQuery(AbstractQueryBuilder.java:98) ~[elasticsearch-6.3.0.jar:6.3.0]
	at org.elasticsearch.index.query.QueryShardContext.lambda$toQuery$2(QueryShardContext.java:304) ~[elasticsearch-6.3.0.jar:6.3.0]
	at org.elasticsearch.index.query.QueryShardContext.toQuery(QueryShardContext.java:316) ~[elasticsearch-6.3.0.jar:6.3.0]
	at org.elasticsearch.index.query.QueryShardContext.toQuery(QueryShardContext.java:303) ~[elasticsearch-6.3.0.jar:6.3.0]
	at org.elasticsearch.search.SearchService.parseSource(SearchService.java:724) ~[elasticsearch-6.3.0.jar:6.3.0]
	at org.elasticsearch.search.SearchService.createContext(SearchService.java:575) ~[elasticsearch-6.3.0.jar:6.3.0]
	at org.elasticsearch.search.SearchService.createAndPutContext(SearchService.java:551) ~[elasticsearch-6.3.0.jar:6.3.0]
	at org.elasticsearch.search.SearchService.executeQueryPhase(SearchService.java:347) ~[elasticsearch-6.3.0.jar:6.3.0]
	at org.elasticsearch.search.SearchService$2.onResponse(SearchService.java:333) ~[elasticsearch-6.3.0.jar:6.3.0]
	at org.elasticsearch.search.SearchService$2.onResponse(SearchService.java:329) ~[elasticsearch-6.3.0.jar:6.3.0]
	at org.elasticsearch.search.SearchService$3.doRun(SearchService.java:1019) ~[elasticsearch-6.3.0.jar:6.3.0]
	at org.elasticsearch.common.util.concurrent.ThreadContext$ContextPreservingAbstractRunnable.doRun(ThreadContext.java:724) ~[elasticsearch-6.3.0.jar:6.3.0]
	at org.elasticsearch.common.util.concurrent.AbstractRunnable.run(AbstractRunnable.java:37) ~[elasticsearch-6.3.0.jar:6.3.0]
	at org.elasticsearch.common.util.concurrent.TimedRunnable.doRun(TimedRunnable.java:41) ~[elasticsearch-6.3.0.jar:6.3.0]
	at org.elasticsearch.common.util.concurrent.AbstractRunnable.run(AbstractRunnable.java:37) ~[elasticsearch-6.3.0.jar:6.3.0]
	at java.util.concurrent.ThreadPoolExecutor.runWorker(ThreadPoolExecutor.java:1149) ~[?:1.8.0_171]
	at java.util.concurrent.ThreadPoolExecutor$Worker.run(ThreadPoolExecutor.java:624) ~[?:1.8.0_171]
	at java.lang.Thread.run(Thread.java:748) ~[?:1.8.0_171]
[2018-06-19T16:14:32,329][DEBUG][o.e.a.s.TransportSearchAction] [lwXRSRU] [my-tweets][4], node[lwXRSRUCTlC5yHmqgu12MQ], [P], s[STARTED], a[id=APfIuHm_RK6cYz61Ds9Dow]: Failed to execute [SearchRequest{searchType=QUERY_THEN_FETCH, indices=[my-tweets], indicesOptions=IndicesOptions[id=38, ignore_unavailable=false, allow_no_indices=true, expand_wildcards_open=true, expand_wildcards_closed=false, allow_aliases_to_multiple_indices=true, forbid_closed_indices=true, ignore_aliases=false], types=[], routing='null', preference='null', requestCache=null, scroll=null, maxConcurrentShardRequests=5, batchedReduceSize=512, preFilterShardSize=128, allowPartialSearchResults=true, source={"query":{"query_string":{"query":"message:python,author:nicolaiarocci","fields":[],"type":"best_fields","default_operator":"or","max_determinized_states":10000,"enable_position_increments":true,"fuzziness":"AUTO","fuzzy_prefix_length":0,"fuzzy_max_expansions":50,"phrase_slop":0,"analyze_wildcard":false,"escape":false,"auto_generate_synonyms_phrase_query":true,"fuzzy_transpositions":true,"boost":1.0}}}}] lastShard [true]
org.elasticsearch.transport.RemoteTransportException: [lwXRSRU][127.0.0.1:9300][indices:data/read/search[phase/query]]
Caused by: org.elasticsearch.index.query.QueryShardException: Failed to parse query [message:python,author:nicolaiarocci]
	at org.elasticsearch.index.query.QueryStringQueryBuilder.doToQuery(QueryStringQueryBuilder.java:1043) ~[elasticsearch-6.3.0.jar:6.3.0]
	at org.elasticsearch.index.query.AbstractQueryBuilder.toQuery(AbstractQueryBuilder.java:98) ~[elasticsearch-6.3.0.jar:6.3.0]
	at org.elasticsearch.index.query.QueryShardContext.lambda$toQuery$2(QueryShardContext.java:304) ~[elasticsearch-6.3.0.jar:6.3.0]
	at org.elasticsearch.index.query.QueryShardContext.toQuery(QueryShardContext.java:316) ~[elasticsearch-6.3.0.jar:6.3.0]
	at org.elasticsearch.index.query.QueryShardContext.toQuery(QueryShardContext.java:303) ~[elasticsearch-6.3.0.jar:6.3.0]
	at org.elasticsearch.search.SearchService.parseSource(SearchService.java:724) ~[elasticsearch-6.3.0.jar:6.3.0]
	at org.elasticsearch.search.SearchService.createContext(SearchService.java:575) ~[elasticsearch-6.3.0.jar:6.3.0]
	at org.elasticsearch.search.SearchService.createAndPutContext(SearchService.java:551) ~[elasticsearch-6.3.0.jar:6.3.0]
	at org.elasticsearch.search.SearchService.executeQueryPhase(SearchService.java:347) ~[elasticsearch-6.3.0.jar:6.3.0]
	at org.elasticsearch.search.SearchService$2.onResponse(SearchService.java:333) [elasticsearch-6.3.0.jar:6.3.0]
	at org.elasticsearch.search.SearchService$2.onResponse(SearchService.java:329) [elasticsearch-6.3.0.jar:6.3.0]
	at org.elasticsearch.search.SearchService$3.doRun(SearchService.java:1019) [elasticsearch-6.3.0.jar:6.3.0]
	at org.elasticsearch.common.util.concurrent.ThreadContext$ContextPreservingAbstractRunnable.doRun(ThreadContext.java:724) [elasticsearch-6.3.0.jar:6.3.0]
	at org.elasticsearch.common.util.concurrent.AbstractRunnable.run(AbstractRunnable.java:37) [elasticsearch-6.3.0.jar:6.3.0]
	at org.elasticsearch.common.util.concurrent.TimedRunnable.doRun(TimedRunnable.java:41) [elasticsearch-6.3.0.jar:6.3.0]
	at org.elasticsearch.common.util.concurrent.AbstractRunnable.run(AbstractRunnable.java:37) [elasticsearch-6.3.0.jar:6.3.0]
	at java.util.concurrent.ThreadPoolExecutor.runWorker(ThreadPoolExecutor.java:1149) [?:1.8.0_171]
	at java.util.concurrent.ThreadPoolExecutor$Worker.run(ThreadPoolExecutor.java:624) [?:1.8.0_171]
	at java.lang.Thread.run(Thread.java:748) [?:1.8.0_171]
Caused by: org.apache.lucene.queryparser.classic.ParseException: Cannot parse 'message:python,author:nicolaiarocci': Encountered " ":" ": "" at line 1, column 21.
Was expecting one of:
    <EOF> 
    <AND> ...
    <OR> ...
    <NOT> ...
    "+" ...
    "-" ...
    <BAREOPER> ...
    "(" ...
    "*" ...
    "^" ...
    <QUOTED> ...
    <TERM> ...
    <FUZZY_SLOP> ...
    <PREFIXTERM> ...
    <WILDTERM> ...
    <REGEXPTERM> ...
    "[" ...
    "{" ...
    <NUMBER> ...
    
	at org.apache.lucene.queryparser.classic.QueryParserBase.parse(QueryParserBase.java:114) ~[lucene-queryparser-7.3.1.jar:7.3.1 ae0705edb59eaa567fe13ed3a222fdadc7153680 - caomanhdat - 2018-05-09 09:28:06]
	at org.elasticsearch.index.search.QueryStringQueryParser.parse(QueryStringQueryParser.java:778) ~[elasticsearch-6.3.0.jar:6.3.0]
	at org.elasticsearch.index.query.QueryStringQueryBuilder.doToQuery(QueryStringQueryBuilder.java:1041) ~[elasticsearch-6.3.0.jar:6.3.0]
	at org.elasticsearch.index.query.AbstractQueryBuilder.toQuery(AbstractQueryBuilder.java:98) ~[elasticsearch-6.3.0.jar:6.3.0]
	at org.elasticsearch.index.query.QueryShardContext.lambda$toQuery$2(QueryShardContext.java:304) ~[elasticsearch-6.3.0.jar:6.3.0]
	at org.elasticsearch.index.query.QueryShardContext.toQuery(QueryShardContext.java:316) ~[elasticsearch-6.3.0.jar:6.3.0]
	at org.elasticsearch.index.query.QueryShardContext.toQuery(QueryShardContext.java:303) ~[elasticsearch-6.3.0.jar:6.3.0]
	at org.elasticsearch.search.SearchService.parseSource(SearchService.java:724) ~[elasticsearch-6.3.0.jar:6.3.0]
	at org.elasticsearch.search.SearchService.createContext(SearchService.java:575) ~[elasticsearch-6.3.0.jar:6.3.0]
	at org.elasticsearch.search.SearchService.createAndPutContext(SearchService.java:551) ~[elasticsearch-6.3.0.jar:6.3.0]
	at org.elasticsearch.search.SearchService.executeQueryPhase(SearchService.java:347) ~[elasticsearch-6.3.0.jar:6.3.0]
	at org.elasticsearch.search.SearchService$2.onResponse(SearchService.java:333) ~[elasticsearch-6.3.0.jar:6.3.0]
	at org.elasticsearch.search.SearchService$2.onResponse(SearchService.java:329) [elasticsearch-6.3.0.jar:6.3.0]
	at org.elasticsearch.search.SearchService$3.doRun(SearchService.java:1019) ~[elasticsearch-6.3.0.jar:6.3.0]
	at org.elasticsearch.common.util.concurrent.ThreadContext$ContextPreservingAbstractRunnable.doRun(ThreadContext.java:724) ~[elasticsearch-6.3.0.jar:6.3.0]
	at org.elasticsearch.common.util.concurrent.AbstractRunnable.run(AbstractRunnable.java:37) ~[elasticsearch-6.3.0.jar:6.3.0]
	at org.elasticsearch.common.util.concurrent.TimedRunnable.doRun(TimedRunnable.java:41) ~[elasticsearch-6.3.0.jar:6.3.0]
	at org.elasticsearch.common.util.concurrent.AbstractRunnable.run(AbstractRunnable.java:37) ~[elasticsearch-6.3.0.jar:6.3.0]
	at java.util.concurrent.ThreadPoolExecutor.runWorker(ThreadPoolExecutor.java:1149) ~[?:1.8.0_171]
	at java.util.concurrent.ThreadPoolExecutor$Worker.run(ThreadPoolExecutor.java:624) ~[?:1.8.0_171]
	at java.lang.Thread.run(Thread.java:748) ~[?:1.8.0_171]
Caused by: org.apache.lucene.queryparser.classic.ParseException: Encountered " ":" ": "" at line 1, column 21.
Was expecting one of:
    <EOF> 
    <AND> ...
    <OR> ...
    <NOT> ...
    "+" ...
    "-" ...
    <BAREOPER> ...
    "(" ...
    "*" ...
    "^" ...
    <QUOTED> ...
    <TERM> ...
    <FUZZY_SLOP> ...
    <PREFIXTERM> ...
    <WILDTERM> ...
    <REGEXPTERM> ...
    "[" ...
    "{" ...
    <NUMBER> ...
    
	at org.apache.lucene.queryparser.classic.QueryParser.generateParseException(QueryParser.java:931) ~[lucene-queryparser-7.3.1.jar:7.3.1 ae0705edb59eaa567fe13ed3a222fdadc7153680 - caomanhdat - 2018-05-09 09:28:06]
	at org.apache.lucene.queryparser.classic.QueryParser.jj_consume_token(QueryParser.java:813) ~[lucene-queryparser-7.3.1.jar:7.3.1 ae0705edb59eaa567fe13ed3a222fdadc7153680 - caomanhdat - 2018-05-09 09:28:06]
	at org.apache.lucene.queryparser.classic.QueryParser.TopLevelQuery(QueryParser.java:216) ~[lucene-queryparser-7.3.1.jar:7.3.1 ae0705edb59eaa567fe13ed3a222fdadc7153680 - caomanhdat - 2018-05-09 09:28:06]
	at org.apache.lucene.queryparser.classic.QueryParserBase.parse(QueryParserBase.java:109) ~[lucene-queryparser-7.3.1.jar:7.3.1 ae0705edb59eaa567fe13ed3a222fdadc7153680 - caomanhdat - 2018-05-09 09:28:06]
	at org.elasticsearch.index.search.QueryStringQueryParser.parse(QueryStringQueryParser.java:778) ~[elasticsearch-6.3.0.jar:6.3.0]
	at org.elasticsearch.index.query.QueryStringQueryBuilder.doToQuery(QueryStringQueryBuilder.java:1041) ~[elasticsearch-6.3.0.jar:6.3.0]
	at org.elasticsearch.index.query.AbstractQueryBuilder.toQuery(AbstractQueryBuilder.java:98) ~[elasticsearch-6.3.0.jar:6.3.0]
	at org.elasticsearch.index.query.QueryShardContext.lambda$toQuery$2(QueryShardContext.java:304) ~[elasticsearch-6.3.0.jar:6.3.0]
	at org.elasticsearch.index.query.QueryShardContext.toQuery(QueryShardContext.java:316) ~[elasticsearch-6.3.0.jar:6.3.0]
	at org.elasticsearch.index.query.QueryShardContext.toQuery(QueryShardContext.java:303) ~[elasticsearch-6.3.0.jar:6.3.0]
	at org.elasticsearch.search.SearchService.parseSource(SearchService.java:724) ~[elasticsearch-6.3.0.jar:6.3.0]
	at org.elasticsearch.search.SearchService.createContext(SearchService.java:575) ~[elasticsearch-6.3.0.jar:6.3.0]
	at org.elasticsearch.search.SearchService.createAndPutContext(SearchService.java:551) ~[elasticsearch-6.3.0.jar:6.3.0]
	at org.elasticsearch.search.SearchService.executeQueryPhase(SearchService.java:347) ~[elasticsearch-6.3.0.jar:6.3.0]
	at org.elasticsearch.search.SearchService$2.onResponse(SearchService.java:333) ~[elasticsearch-6.3.0.jar:6.3.0]
	at org.elasticsearch.search.SearchService$2.onResponse(SearchService.java:329) ~[elasticsearch-6.3.0.jar:6.3.0]
	at org.elasticsearch.search.SearchService$3.doRun(SearchService.java:1019) ~[elasticsearch-6.3.0.jar:6.3.0]
	at org.elasticsearch.common.util.concurrent.ThreadContext$ContextPreservingAbstractRunnable.doRun(ThreadContext.java:724) ~[elasticsearch-6.3.0.jar:6.3.0]
	at org.elasticsearch.common.util.concurrent.AbstractRunnable.run(AbstractRunnable.java:37) ~[elasticsearch-6.3.0.jar:6.3.0]
	at org.elasticsearch.common.util.concurrent.TimedRunnable.doRun(TimedRunnable.java:41) ~[elasticsearch-6.3.0.jar:6.3.0]
	at org.elasticsearch.common.util.concurrent.AbstractRunnable.run(AbstractRunnable.java:37) ~[elasticsearch-6.3.0.jar:6.3.0]
	at java.util.concurrent.ThreadPoolExecutor.runWorker(ThreadPoolExecutor.java:1149) ~[?:1.8.0_171]
	at java.util.concurrent.ThreadPoolExecutor$Worker.run(ThreadPoolExecutor.java:624) ~[?:1.8.0_171]
	at java.lang.Thread.run(Thread.java:748) ~[?:1.8.0_171]
[2018-06-19T16:14:32,329][DEBUG][o.e.a.s.TransportSearchAction] [lwXRSRU] [my-tweets][2], node[lwXRSRUCTlC5yHmqgu12MQ], [P], s[STARTED], a[id=gJwxVFljQRGWuji-sIhyBA]: Failed to execute [SearchRequest{searchType=QUERY_THEN_FETCH, indices=[my-tweets], indicesOptions=IndicesOptions[id=38, ignore_unavailable=false, allow_no_indices=true, expand_wildcards_open=true, expand_wildcards_closed=false, allow_aliases_to_multiple_indices=true, forbid_closed_indices=true, ignore_aliases=false], types=[], routing='null', preference='null', requestCache=null, scroll=null, maxConcurrentShardRequests=5, batchedReduceSize=512, preFilterShardSize=128, allowPartialSearchResults=true, source={"query":{"query_string":{"query":"message:python,author:nicolaiarocci","fields":[],"type":"best_fields","default_operator":"or","max_determinized_states":10000,"enable_position_increments":true,"fuzziness":"AUTO","fuzzy_prefix_length":0,"fuzzy_max_expansions":50,"phrase_slop":0,"analyze_wildcard":false,"escape":false,"auto_generate_synonyms_phrase_query":true,"fuzzy_transpositions":true,"boost":1.0}}}}] lastShard [true]
org.elasticsearch.transport.RemoteTransportException: [lwXRSRU][127.0.0.1:9300][indices:data/read/search[phase/query]]
Caused by: org.elasticsearch.index.query.QueryShardException: Failed to parse query [message:python,author:nicolaiarocci]
	at org.elasticsearch.index.query.QueryStringQueryBuilder.doToQuery(QueryStringQueryBuilder.java:1043) ~[elasticsearch-6.3.0.jar:6.3.0]
	at org.elasticsearch.index.query.AbstractQueryBuilder.toQuery(AbstractQueryBuilder.java:98) ~[elasticsearch-6.3.0.jar:6.3.0]
	at org.elasticsearch.index.query.QueryShardContext.lambda$toQuery$2(QueryShardContext.java:304) ~[elasticsearch-6.3.0.jar:6.3.0]
	at org.elasticsearch.index.query.QueryShardContext.toQuery(QueryShardContext.java:316) ~[elasticsearch-6.3.0.jar:6.3.0]
	at org.elasticsearch.index.query.QueryShardContext.toQuery(QueryShardContext.java:303) ~[elasticsearch-6.3.0.jar:6.3.0]
	at org.elasticsearch.search.SearchService.parseSource(SearchService.java:724) ~[elasticsearch-6.3.0.jar:6.3.0]
	at org.elasticsearch.search.SearchService.createContext(SearchService.java:575) ~[elasticsearch-6.3.0.jar:6.3.0]
	at org.elasticsearch.search.SearchService.createAndPutContext(SearchService.java:551) ~[elasticsearch-6.3.0.jar:6.3.0]
	at org.elasticsearch.search.SearchService.executeQueryPhase(SearchService.java:347) ~[elasticsearch-6.3.0.jar:6.3.0]
	at org.elasticsearch.search.SearchService$2.onResponse(SearchService.java:333) [elasticsearch-6.3.0.jar:6.3.0]
	at org.elasticsearch.search.SearchService$2.onResponse(SearchService.java:329) [elasticsearch-6.3.0.jar:6.3.0]
	at org.elasticsearch.search.SearchService$3.doRun(SearchService.java:1019) [elasticsearch-6.3.0.jar:6.3.0]
	at org.elasticsearch.common.util.concurrent.ThreadContext$ContextPreservingAbstractRunnable.doRun(ThreadContext.java:724) [elasticsearch-6.3.0.jar:6.3.0]
	at org.elasticsearch.common.util.concurrent.AbstractRunnable.run(AbstractRunnable.java:37) [elasticsearch-6.3.0.jar:6.3.0]
	at org.elasticsearch.common.util.concurrent.TimedRunnable.doRun(TimedRunnable.java:41) [elasticsearch-6.3.0.jar:6.3.0]
	at org.elasticsearch.common.util.concurrent.AbstractRunnable.run(AbstractRunnable.java:37) [elasticsearch-6.3.0.jar:6.3.0]
	at java.util.concurrent.ThreadPoolExecutor.runWorker(ThreadPoolExecutor.java:1149) [?:1.8.0_171]
	at java.util.concurrent.ThreadPoolExecutor$Worker.run(ThreadPoolExecutor.java:624) [?:1.8.0_171]
	at java.lang.Thread.run(Thread.java:748) [?:1.8.0_171]
Caused by: org.apache.lucene.queryparser.classic.ParseException: Cannot parse 'message:python,author:nicolaiarocci': Encountered " ":" ": "" at line 1, column 21.
Was expecting one of:
    <EOF> 
    <AND> ...
    <OR> ...
    <NOT> ...
    "+" ...
    "-" ...
    <BAREOPER> ...
    "(" ...
    "*" ...
    "^" ...
    <QUOTED> ...
    <TERM> ...
    <FUZZY_SLOP> ...
    <PREFIXTERM> ...
    <WILDTERM> ...
    <REGEXPTERM> ...
    "[" ...
    "{" ...
    <NUMBER> ...
    
	at org.apache.lucene.queryparser.classic.QueryParserBase.parse(QueryParserBase.java:114) ~[lucene-queryparser-7.3.1.jar:7.3.1 ae0705edb59eaa567fe13ed3a222fdadc7153680 - caomanhdat - 2018-05-09 09:28:06]
	at org.elasticsearch.index.search.QueryStringQueryParser.parse(QueryStringQueryParser.java:778) ~[elasticsearch-6.3.0.jar:6.3.0]
	at org.elasticsearch.index.query.QueryStringQueryBuilder.doToQuery(QueryStringQueryBuilder.java:1041) ~[elasticsearch-6.3.0.jar:6.3.0]
	at org.elasticsearch.index.query.AbstractQueryBuilder.toQuery(AbstractQueryBuilder.java:98) ~[elasticsearch-6.3.0.jar:6.3.0]
	at org.elasticsearch.index.query.QueryShardContext.lambda$toQuery$2(QueryShardContext.java:304) ~[elasticsearch-6.3.0.jar:6.3.0]
	at org.elasticsearch.index.query.QueryShardContext.toQuery(QueryShardContext.java:316) ~[elasticsearch-6.3.0.jar:6.3.0]
	at org.elasticsearch.index.query.QueryShardContext.toQuery(QueryShardContext.java:303) ~[elasticsearch-6.3.0.jar:6.3.0]
	at org.elasticsearch.search.SearchService.parseSource(SearchService.java:724) ~[elasticsearch-6.3.0.jar:6.3.0]
	at org.elasticsearch.search.SearchService.createContext(SearchService.java:575) ~[elasticsearch-6.3.0.jar:6.3.0]
	at org.elasticsearch.search.SearchService.createAndPutContext(SearchService.java:551) ~[elasticsearch-6.3.0.jar:6.3.0]
	at org.elasticsearch.search.SearchService.executeQueryPhase(SearchService.java:347) ~[elasticsearch-6.3.0.jar:6.3.0]
	at org.elasticsearch.search.SearchService$2.onResponse(SearchService.java:333) ~[elasticsearch-6.3.0.jar:6.3.0]
	at org.elasticsearch.search.SearchService$2.onResponse(SearchService.java:329) [elasticsearch-6.3.0.jar:6.3.0]
	at org.elasticsearch.search.SearchService$3.doRun(SearchService.java:1019) ~[elasticsearch-6.3.0.jar:6.3.0]
	at org.elasticsearch.common.util.concurrent.ThreadContext$ContextPreservingAbstractRunnable.doRun(ThreadContext.java:724) ~[elasticsearch-6.3.0.jar:6.3.0]
	at org.elasticsearch.common.util.concurrent.AbstractRunnable.run(AbstractRunnable.java:37) ~[elasticsearch-6.3.0.jar:6.3.0]
	at org.elasticsearch.common.util.concurrent.TimedRunnable.doRun(TimedRunnable.java:41) ~[elasticsearch-6.3.0.jar:6.3.0]
	at org.elasticsearch.common.util.concurrent.AbstractRunnable.run(AbstractRunnable.java:37) ~[elasticsearch-6.3.0.jar:6.3.0]
	at java.util.concurrent.ThreadPoolExecutor.runWorker(ThreadPoolExecutor.java:1149) ~[?:1.8.0_171]
	at java.util.concurrent.ThreadPoolExecutor$Worker.run(ThreadPoolExecutor.java:624) ~[?:1.8.0_171]
	at java.lang.Thread.run(Thread.java:748) ~[?:1.8.0_171]
Caused by: org.apache.lucene.queryparser.classic.ParseException: Encountered " ":" ": "" at line 1, column 21.
Was expecting one of:
    <EOF> 
    <AND> ...
    <OR> ...
    <NOT> ...
    "+" ...
    "-" ...
    <BAREOPER> ...
    "(" ...
    "*" ...
    "^" ...
    <QUOTED> ...
    <TERM> ...
    <FUZZY_SLOP> ...
    <PREFIXTERM> ...
    <WILDTERM> ...
    <REGEXPTERM> ...
    "[" ...
    "{" ...
    <NUMBER> ...
    
	at org.apache.lucene.queryparser.classic.QueryParser.generateParseException(QueryParser.java:931) ~[lucene-queryparser-7.3.1.jar:7.3.1 ae0705edb59eaa567fe13ed3a222fdadc7153680 - caomanhdat - 2018-05-09 09:28:06]
	at org.apache.lucene.queryparser.classic.QueryParser.jj_consume_token(QueryParser.java:813) ~[lucene-queryparser-7.3.1.jar:7.3.1 ae0705edb59eaa567fe13ed3a222fdadc7153680 - caomanhdat - 2018-05-09 09:28:06]
	at org.apache.lucene.queryparser.classic.QueryParser.TopLevelQuery(QueryParser.java:216) ~[lucene-queryparser-7.3.1.jar:7.3.1 ae0705edb59eaa567fe13ed3a222fdadc7153680 - caomanhdat - 2018-05-09 09:28:06]
	at org.apache.lucene.queryparser.classic.QueryParserBase.parse(QueryParserBase.java:109) ~[lucene-queryparser-7.3.1.jar:7.3.1 ae0705edb59eaa567fe13ed3a222fdadc7153680 - caomanhdat - 2018-05-09 09:28:06]
	at org.elasticsearch.index.search.QueryStringQueryParser.parse(QueryStringQueryParser.java:778) ~[elasticsearch-6.3.0.jar:6.3.0]
	at org.elasticsearch.index.query.QueryStringQueryBuilder.doToQuery(QueryStringQueryBuilder.java:1041) ~[elasticsearch-6.3.0.jar:6.3.0]
	at org.elasticsearch.index.query.AbstractQueryBuilder.toQuery(AbstractQueryBuilder.java:98) ~[elasticsearch-6.3.0.jar:6.3.0]
	at org.elasticsearch.index.query.QueryShardContext.lambda$toQuery$2(QueryShardContext.java:304) ~[elasticsearch-6.3.0.jar:6.3.0]
	at org.elasticsearch.index.query.QueryShardContext.toQuery(QueryShardContext.java:316) ~[elasticsearch-6.3.0.jar:6.3.0]
	at org.elasticsearch.index.query.QueryShardContext.toQuery(QueryShardContext.java:303) ~[elasticsearch-6.3.0.jar:6.3.0]
	at org.elasticsearch.search.SearchService.parseSource(SearchService.java:724) ~[elasticsearch-6.3.0.jar:6.3.0]
	at org.elasticsearch.search.SearchService.createContext(SearchService.java:575) ~[elasticsearch-6.3.0.jar:6.3.0]
	at org.elasticsearch.search.SearchService.createAndPutContext(SearchService.java:551) ~[elasticsearch-6.3.0.jar:6.3.0]
	at org.elasticsearch.search.SearchService.executeQueryPhase(SearchService.java:347) ~[elasticsearch-6.3.0.jar:6.3.0]
	at org.elasticsearch.search.SearchService$2.onResponse(SearchService.java:333) ~[elasticsearch-6.3.0.jar:6.3.0]
	at org.elasticsearch.search.SearchService$2.onResponse(SearchService.java:329) ~[elasticsearch-6.3.0.jar:6.3.0]
	at org.elasticsearch.search.SearchService$3.doRun(SearchService.java:1019) ~[elasticsearch-6.3.0.jar:6.3.0]
	at org.elasticsearch.common.util.concurrent.ThreadContext$ContextPreservingAbstractRunnable.doRun(ThreadContext.java:724) ~[elasticsearch-6.3.0.jar:6.3.0]
	at org.elasticsearch.common.util.concurrent.AbstractRunnable.run(AbstractRunnable.java:37) ~[elasticsearch-6.3.0.jar:6.3.0]
	at org.elasticsearch.common.util.concurrent.TimedRunnable.doRun(TimedRunnable.java:41) ~[elasticsearch-6.3.0.jar:6.3.0]
	at org.elasticsearch.common.util.concurrent.AbstractRunnable.run(AbstractRunnable.java:37) ~[elasticsearch-6.3.0.jar:6.3.0]
	at java.util.concurrent.ThreadPoolExecutor.runWorker(ThreadPoolExecutor.java:1149) ~[?:1.8.0_171]
	at java.util.concurrent.ThreadPoolExecutor$Worker.run(ThreadPoolExecutor.java:624) ~[?:1.8.0_171]
	at java.lang.Thread.run(Thread.java:748) ~[?:1.8.0_171]
[2018-06-19T16:14:32,329][DEBUG][o.e.a.s.TransportSearchAction] [lwXRSRU] [my-tweets][0], node[lwXRSRUCTlC5yHmqgu12MQ], [P], s[STARTED], a[id=VTDMp7icRZKjlFZZZk3VKw]: Failed to execute [SearchRequest{searchType=QUERY_THEN_FETCH, indices=[my-tweets], indicesOptions=IndicesOptions[id=38, ignore_unavailable=false, allow_no_indices=true, expand_wildcards_open=true, expand_wildcards_closed=false, allow_aliases_to_multiple_indices=true, forbid_closed_indices=true, ignore_aliases=false], types=[], routing='null', preference='null', requestCache=null, scroll=null, maxConcurrentShardRequests=5, batchedReduceSize=512, preFilterShardSize=128, allowPartialSearchResults=true, source={"query":{"query_string":{"query":"message:python,author:nicolaiarocci","fields":[],"type":"best_fields","default_operator":"or","max_determinized_states":10000,"enable_position_increments":true,"fuzziness":"AUTO","fuzzy_prefix_length":0,"fuzzy_max_expansions":50,"phrase_slop":0,"analyze_wildcard":false,"escape":false,"auto_generate_synonyms_phrase_query":true,"fuzzy_transpositions":true,"boost":1.0}}}}] lastShard [true]
org.elasticsearch.transport.RemoteTransportException: [lwXRSRU][127.0.0.1:9300][indices:data/read/search[phase/query]]
Caused by: org.elasticsearch.index.query.QueryShardException: Failed to parse query [message:python,author:nicolaiarocci]
	at org.elasticsearch.index.query.QueryStringQueryBuilder.doToQuery(QueryStringQueryBuilder.java:1043) ~[elasticsearch-6.3.0.jar:6.3.0]
	at org.elasticsearch.index.query.AbstractQueryBuilder.toQuery(AbstractQueryBuilder.java:98) ~[elasticsearch-6.3.0.jar:6.3.0]
	at org.elasticsearch.index.query.QueryShardContext.lambda$toQuery$2(QueryShardContext.java:304) ~[elasticsearch-6.3.0.jar:6.3.0]
	at org.elasticsearch.index.query.QueryShardContext.toQuery(QueryShardContext.java:316) ~[elasticsearch-6.3.0.jar:6.3.0]
	at org.elasticsearch.index.query.QueryShardContext.toQuery(QueryShardContext.java:303) ~[elasticsearch-6.3.0.jar:6.3.0]
	at org.elasticsearch.search.SearchService.parseSource(SearchService.java:724) ~[elasticsearch-6.3.0.jar:6.3.0]
	at org.elasticsearch.search.SearchService.createContext(SearchService.java:575) ~[elasticsearch-6.3.0.jar:6.3.0]
	at org.elasticsearch.search.SearchService.createAndPutContext(SearchService.java:551) ~[elasticsearch-6.3.0.jar:6.3.0]
	at org.elasticsearch.search.SearchService.executeQueryPhase(SearchService.java:347) ~[elasticsearch-6.3.0.jar:6.3.0]
	at org.elasticsearch.search.SearchService$2.onResponse(SearchService.java:333) [elasticsearch-6.3.0.jar:6.3.0]
	at org.elasticsearch.search.SearchService$2.onResponse(SearchService.java:329) [elasticsearch-6.3.0.jar:6.3.0]
	at org.elasticsearch.search.SearchService$3.doRun(SearchService.java:1019) [elasticsearch-6.3.0.jar:6.3.0]
	at org.elasticsearch.common.util.concurrent.ThreadContext$ContextPreservingAbstractRunnable.doRun(ThreadContext.java:724) [elasticsearch-6.3.0.jar:6.3.0]
	at org.elasticsearch.common.util.concurrent.AbstractRunnable.run(AbstractRunnable.java:37) [elasticsearch-6.3.0.jar:6.3.0]
	at org.elasticsearch.common.util.concurrent.TimedRunnable.doRun(TimedRunnable.java:41) [elasticsearch-6.3.0.jar:6.3.0]
	at org.elasticsearch.common.util.concurrent.AbstractRunnable.run(AbstractRunnable.java:37) [elasticsearch-6.3.0.jar:6.3.0]
	at java.util.concurrent.ThreadPoolExecutor.runWorker(ThreadPoolExecutor.java:1149) [?:1.8.0_171]
	at java.util.concurrent.ThreadPoolExecutor$Worker.run(ThreadPoolExecutor.java:624) [?:1.8.0_171]
	at java.lang.Thread.run(Thread.java:748) [?:1.8.0_171]
Caused by: org.apache.lucene.queryparser.classic.ParseException: Cannot parse 'message:python,author:nicolaiarocci': Encountered " ":" ": "" at line 1, column 21.
Was expecting one of:
    <EOF> 
    <AND> ...
    <OR> ...
    <NOT> ...
    "+" ...
    "-" ...
    <BAREOPER> ...
    "(" ...
    "*" ...
    "^" ...
    <QUOTED> ...
    <TERM> ...
    <FUZZY_SLOP> ...
    <PREFIXTERM> ...
    <WILDTERM> ...
    <REGEXPTERM> ...
    "[" ...
    "{" ...
    <NUMBER> ...
    
	at org.apache.lucene.queryparser.classic.QueryParserBase.parse(QueryParserBase.java:114) ~[lucene-queryparser-7.3.1.jar:7.3.1 ae0705edb59eaa567fe13ed3a222fdadc7153680 - caomanhdat - 2018-05-09 09:28:06]
	at org.elasticsearch.index.search.QueryStringQueryParser.parse(QueryStringQueryParser.java:778) ~[elasticsearch-6.3.0.jar:6.3.0]
	at org.elasticsearch.index.query.QueryStringQueryBuilder.doToQuery(QueryStringQueryBuilder.java:1041) ~[elasticsearch-6.3.0.jar:6.3.0]
	at org.elasticsearch.index.query.AbstractQueryBuilder.toQuery(AbstractQueryBuilder.java:98) ~[elasticsearch-6.3.0.jar:6.3.0]
	at org.elasticsearch.index.query.QueryShardContext.lambda$toQuery$2(QueryShardContext.java:304) ~[elasticsearch-6.3.0.jar:6.3.0]
	at org.elasticsearch.index.query.QueryShardContext.toQuery(QueryShardContext.java:316) ~[elasticsearch-6.3.0.jar:6.3.0]
	at org.elasticsearch.index.query.QueryShardContext.toQuery(QueryShardContext.java:303) ~[elasticsearch-6.3.0.jar:6.3.0]
	at org.elasticsearch.search.SearchService.parseSource(SearchService.java:724) ~[elasticsearch-6.3.0.jar:6.3.0]
	at org.elasticsearch.search.SearchService.createContext(SearchService.java:575) ~[elasticsearch-6.3.0.jar:6.3.0]
	at org.elasticsearch.search.SearchService.createAndPutContext(SearchService.java:551) ~[elasticsearch-6.3.0.jar:6.3.0]
	at org.elasticsearch.search.SearchService.executeQueryPhase(SearchService.java:347) ~[elasticsearch-6.3.0.jar:6.3.0]
	at org.elasticsearch.search.SearchService$2.onResponse(SearchService.java:333) ~[elasticsearch-6.3.0.jar:6.3.0]
	at org.elasticsearch.search.SearchService$2.onResponse(SearchService.java:329) [elasticsearch-6.3.0.jar:6.3.0]
	at org.elasticsearch.search.SearchService$3.doRun(SearchService.java:1019) ~[elasticsearch-6.3.0.jar:6.3.0]
	at org.elasticsearch.common.util.concurrent.ThreadContext$ContextPreservingAbstractRunnable.doRun(ThreadContext.java:724) ~[elasticsearch-6.3.0.jar:6.3.0]
	at org.elasticsearch.common.util.concurrent.AbstractRunnable.run(AbstractRunnable.java:37) ~[elasticsearch-6.3.0.jar:6.3.0]
	at org.elasticsearch.common.util.concurrent.TimedRunnable.doRun(TimedRunnable.java:41) ~[elasticsearch-6.3.0.jar:6.3.0]
	at org.elasticsearch.common.util.concurrent.AbstractRunnable.run(AbstractRunnable.java:37) ~[elasticsearch-6.3.0.jar:6.3.0]
	at java.util.concurrent.ThreadPoolExecutor.runWorker(ThreadPoolExecutor.java:1149) ~[?:1.8.0_171]
	at java.util.concurrent.ThreadPoolExecutor$Worker.run(ThreadPoolExecutor.java:624) ~[?:1.8.0_171]
	at java.lang.Thread.run(Thread.java:748) ~[?:1.8.0_171]
Caused by: org.apache.lucene.queryparser.classic.ParseException: Encountered " ":" ": "" at line 1, column 21.
Was expecting one of:
    <EOF> 
    <AND> ...
    <OR> ...
    <NOT> ...
    "+" ...
    "-" ...
    <BAREOPER> ...
    "(" ...
    "*" ...
    "^" ...
    <QUOTED> ...
    <TERM> ...
    <FUZZY_SLOP> ...
    <PREFIXTERM> ...
    <WILDTERM> ...
    <REGEXPTERM> ...
    "[" ...
    "{" ...
    <NUMBER> ...
    
	at org.apache.lucene.queryparser.classic.QueryParser.generateParseException(QueryParser.java:931) ~[lucene-queryparser-7.3.1.jar:7.3.1 ae0705edb59eaa567fe13ed3a222fdadc7153680 - caomanhdat - 2018-05-09 09:28:06]
	at org.apache.lucene.queryparser.classic.QueryParser.jj_consume_token(QueryParser.java:813) ~[lucene-queryparser-7.3.1.jar:7.3.1 ae0705edb59eaa567fe13ed3a222fdadc7153680 - caomanhdat - 2018-05-09 09:28:06]
	at org.apache.lucene.queryparser.classic.QueryParser.TopLevelQuery(QueryParser.java:216) ~[lucene-queryparser-7.3.1.jar:7.3.1 ae0705edb59eaa567fe13ed3a222fdadc7153680 - caomanhdat - 2018-05-09 09:28:06]
	at org.apache.lucene.queryparser.classic.QueryParserBase.parse(QueryParserBase.java:109) ~[lucene-queryparser-7.3.1.jar:7.3.1 ae0705edb59eaa567fe13ed3a222fdadc7153680 - caomanhdat - 2018-05-09 09:28:06]
	at org.elasticsearch.index.search.QueryStringQueryParser.parse(QueryStringQueryParser.java:778) ~[elasticsearch-6.3.0.jar:6.3.0]
	at org.elasticsearch.index.query.QueryStringQueryBuilder.doToQuery(QueryStringQueryBuilder.java:1041) ~[elasticsearch-6.3.0.jar:6.3.0]
	at org.elasticsearch.index.query.AbstractQueryBuilder.toQuery(AbstractQueryBuilder.java:98) ~[elasticsearch-6.3.0.jar:6.3.0]
	at org.elasticsearch.index.query.QueryShardContext.lambda$toQuery$2(QueryShardContext.java:304) ~[elasticsearch-6.3.0.jar:6.3.0]
	at org.elasticsearch.index.query.QueryShardContext.toQuery(QueryShardContext.java:316) ~[elasticsearch-6.3.0.jar:6.3.0]
	at org.elasticsearch.index.query.QueryShardContext.toQuery(QueryShardContext.java:303) ~[elasticsearch-6.3.0.jar:6.3.0]
	at org.elasticsearch.search.SearchService.parseSource(SearchService.java:724) ~[elasticsearch-6.3.0.jar:6.3.0]
	at org.elasticsearch.search.SearchService.createContext(SearchService.java:575) ~[elasticsearch-6.3.0.jar:6.3.0]
	at org.elasticsearch.search.SearchService.createAndPutContext(SearchService.java:551) ~[elasticsearch-6.3.0.jar:6.3.0]
	at org.elasticsearch.search.SearchService.executeQueryPhase(SearchService.java:347) ~[elasticsearch-6.3.0.jar:6.3.0]
	at org.elasticsearch.search.SearchService$2.onResponse(SearchService.java:333) ~[elasticsearch-6.3.0.jar:6.3.0]
	at org.elasticsearch.search.SearchService$2.onResponse(SearchService.java:329) ~[elasticsearch-6.3.0.jar:6.3.0]
	at org.elasticsearch.search.SearchService$3.doRun(SearchService.java:1019) ~[elasticsearch-6.3.0.jar:6.3.0]
	at org.elasticsearch.common.util.concurrent.ThreadContext$ContextPreservingAbstractRunnable.doRun(ThreadContext.java:724) ~[elasticsearch-6.3.0.jar:6.3.0]
	at org.elasticsearch.common.util.concurrent.AbstractRunnable.run(AbstractRunnable.java:37) ~[elasticsearch-6.3.0.jar:6.3.0]
	at org.elasticsearch.common.util.concurrent.TimedRunnable.doRun(TimedRunnable.java:41) ~[elasticsearch-6.3.0.jar:6.3.0]
	at org.elasticsearch.common.util.concurrent.AbstractRunnable.run(AbstractRunnable.java:37) ~[elasticsearch-6.3.0.jar:6.3.0]
	at java.util.concurrent.ThreadPoolExecutor.runWorker(ThreadPoolExecutor.java:1149) ~[?:1.8.0_171]
	at java.util.concurrent.ThreadPoolExecutor$Worker.run(ThreadPoolExecutor.java:624) ~[?:1.8.0_171]
	at java.lang.Thread.run(Thread.java:748) ~[?:1.8.0_171]
[2018-06-19T16:14:32,482][DEBUG][o.e.a.s.TransportSearchAction] [lwXRSRU] All shards failed for phase: [query]
org.elasticsearch.index.query.QueryShardException: Failed to parse query [message:python,author:nicolaiarocci]
	at org.elasticsearch.index.query.QueryStringQueryBuilder.doToQuery(QueryStringQueryBuilder.java:1043) ~[elasticsearch-6.3.0.jar:6.3.0]
	at org.elasticsearch.index.query.AbstractQueryBuilder.toQuery(AbstractQueryBuilder.java:98) ~[elasticsearch-6.3.0.jar:6.3.0]
	at org.elasticsearch.index.query.QueryShardContext.lambda$toQuery$2(QueryShardContext.java:304) ~[elasticsearch-6.3.0.jar:6.3.0]
	at org.elasticsearch.index.query.QueryShardContext.toQuery(QueryShardContext.java:316) ~[elasticsearch-6.3.0.jar:6.3.0]
	at org.elasticsearch.index.query.QueryShardContext.toQuery(QueryShardContext.java:303) ~[elasticsearch-6.3.0.jar:6.3.0]
	at org.elasticsearch.search.SearchService.parseSource(SearchService.java:724) ~[elasticsearch-6.3.0.jar:6.3.0]
	at org.elasticsearch.search.SearchService.createContext(SearchService.java:575) ~[elasticsearch-6.3.0.jar:6.3.0]
	at org.elasticsearch.search.SearchService.createAndPutContext(SearchService.java:551) ~[elasticsearch-6.3.0.jar:6.3.0]
	at org.elasticsearch.search.SearchService.executeQueryPhase(SearchService.java:347) ~[elasticsearch-6.3.0.jar:6.3.0]
	at org.elasticsearch.search.SearchService$2.onResponse(SearchService.java:333) [elasticsearch-6.3.0.jar:6.3.0]
	at org.elasticsearch.search.SearchService$2.onResponse(SearchService.java:329) [elasticsearch-6.3.0.jar:6.3.0]
	at org.elasticsearch.search.SearchService$3.doRun(SearchService.java:1019) [elasticsearch-6.3.0.jar:6.3.0]
	at org.elasticsearch.common.util.concurrent.ThreadContext$ContextPreservingAbstractRunnable.doRun(ThreadContext.java:724) [elasticsearch-6.3.0.jar:6.3.0]
	at org.elasticsearch.common.util.concurrent.AbstractRunnable.run(AbstractRunnable.java:37) [elasticsearch-6.3.0.jar:6.3.0]
	at org.elasticsearch.common.util.concurrent.TimedRunnable.doRun(TimedRunnable.java:41) [elasticsearch-6.3.0.jar:6.3.0]
	at org.elasticsearch.common.util.concurrent.AbstractRunnable.run(AbstractRunnable.java:37) [elasticsearch-6.3.0.jar:6.3.0]
	at java.util.concurrent.ThreadPoolExecutor.runWorker(ThreadPoolExecutor.java:1149) [?:1.8.0_171]
	at java.util.concurrent.ThreadPoolExecutor$Worker.run(ThreadPoolExecutor.java:624) [?:1.8.0_171]
	at java.lang.Thread.run(Thread.java:748) [?:1.8.0_171]
Caused by: org.apache.lucene.queryparser.classic.ParseException: Cannot parse 'message:python,author:nicolaiarocci': Encountered " ":" ": "" at line 1, column 21.
Was expecting one of:
    <EOF> 
    <AND> ...
    <OR> ...
    <NOT> ...
    "+" ...
    "-" ...
    <BAREOPER> ...
    "(" ...
    "*" ...
    "^" ...
    <QUOTED> ...
    <TERM> ...
    <FUZZY_SLOP> ...
    <PREFIXTERM> ...
    <WILDTERM> ...
    <REGEXPTERM> ...
    "[" ...
    "{" ...
    <NUMBER> ...
    
	at org.apache.lucene.queryparser.classic.QueryParserBase.parse(QueryParserBase.java:114) ~[lucene-queryparser-7.3.1.jar:7.3.1 ae0705edb59eaa567fe13ed3a222fdadc7153680 - caomanhdat - 2018-05-09 09:28:06]
	at org.elasticsearch.index.search.QueryStringQueryParser.parse(QueryStringQueryParser.java:778) ~[elasticsearch-6.3.0.jar:6.3.0]
	at org.elasticsearch.index.query.QueryStringQueryBuilder.doToQuery(QueryStringQueryBuilder.java:1041) ~[elasticsearch-6.3.0.jar:6.3.0]
	... 18 more
Caused by: org.apache.lucene.queryparser.classic.ParseException: Encountered " ":" ": "" at line 1, column 21.
Was expecting one of:
    <EOF> 
    <AND> ...
    <OR> ...
    <NOT> ...
    "+" ...
    "-" ...
    <BAREOPER> ...
    "(" ...
    "*" ...
    "^" ...
    <QUOTED> ...
    <TERM> ...
    <FUZZY_SLOP> ...
    <PREFIXTERM> ...
    <WILDTERM> ...
    <REGEXPTERM> ...
    "[" ...
    "{" ...
    <NUMBER> ...
    
	at org.apache.lucene.queryparser.classic.QueryParser.generateParseException(QueryParser.java:931) ~[lucene-queryparser-7.3.1.jar:7.3.1 ae0705edb59eaa567fe13ed3a222fdadc7153680 - caomanhdat - 2018-05-09 09:28:06]
	at org.apache.lucene.queryparser.classic.QueryParser.jj_consume_token(QueryParser.java:813) ~[lucene-queryparser-7.3.1.jar:7.3.1 ae0705edb59eaa567fe13ed3a222fdadc7153680 - caomanhdat - 2018-05-09 09:28:06]
	at org.apache.lucene.queryparser.classic.QueryParser.TopLevelQuery(QueryParser.java:216) ~[lucene-queryparser-7.3.1.jar:7.3.1 ae0705edb59eaa567fe13ed3a222fdadc7153680 - caomanhdat - 2018-05-09 09:28:06]
	at org.apache.lucene.queryparser.classic.QueryParserBase.parse(QueryParserBase.java:109) ~[lucene-queryparser-7.3.1.jar:7.3.1 ae0705edb59eaa567fe13ed3a222fdadc7153680 - caomanhdat - 2018-05-09 09:28:06]
	at org.elasticsearch.index.search.QueryStringQueryParser.parse(QueryStringQueryParser.java:778) ~[elasticsearch-6.3.0.jar:6.3.0]
	at org.elasticsearch.index.query.QueryStringQueryBuilder.doToQuery(QueryStringQueryBuilder.java:1041) ~[elasticsearch-6.3.0.jar:6.3.0]
	... 18 more
[2018-06-19T16:23:48,340][INFO ][o.e.n.Node               ] [lwXRSRU] stopping ...
[2018-06-19T16:23:48,394][INFO ][o.e.x.w.WatcherService   ] [lwXRSRU] stopping watch service, reason [shutdown initiated]
[2018-06-19T16:23:48,758][INFO ][o.e.x.m.j.p.l.CppLogMessageHandler] [controller/7824] [Main.cc@148] Ml controller exiting
[2018-06-19T16:23:48,835][INFO ][o.e.x.m.j.p.NativeController] Native controller process has stopped - no new native processes can be started
[2018-06-19T16:23:48,917][INFO ][o.e.n.Node               ] [lwXRSRU] stopped
[2018-06-19T16:23:48,918][INFO ][o.e.n.Node               ] [lwXRSRU] closing ...
[2018-06-19T16:23:49,020][INFO ][o.e.n.Node               ] [lwXRSRU] closed
[2018-06-19T16:43:31,421][INFO ][o.e.n.Node               ] [] initializing ...
[2018-06-19T16:43:31,868][INFO ][o.e.e.NodeEnvironment    ] [lwXRSRU] using [1] data paths, mounts [[(C:)]], net usable_space [13.9gb], net total_space [75gb], types [NTFS]
[2018-06-19T16:43:31,884][INFO ][o.e.e.NodeEnvironment    ] [lwXRSRU] heap size [990.7mb], compressed ordinary object pointers [true]
[2018-06-19T16:43:32,389][INFO ][o.e.n.Node               ] [lwXRSRU] node name derived from node ID [lwXRSRUCTlC5yHmqgu12MQ]; set [node.name] to override
[2018-06-19T16:43:32,390][INFO ][o.e.n.Node               ] [lwXRSRU] version[6.3.0], pid[936], build[default/zip/424e937/2018-06-11T23:38:03.357887Z], OS[Windows 10/10.0/amd64], JVM[Oracle Corporation/Java HotSpot(TM) 64-Bit Server VM/1.8.0_171/25.171-b11]
[2018-06-19T16:43:32,390][INFO ][o.e.n.Node               ] [lwXRSRU] JVM arguments [-Xms1g, -Xmx1g, -XX:+UseConcMarkSweepGC, -XX:CMSInitiatingOccupancyFraction=75, -XX:+UseCMSInitiatingOccupancyOnly, -XX:+AlwaysPreTouch, -Xss1m, -Djava.awt.headless=true, -Dfile.encoding=UTF-8, -Djna.nosys=true, -XX:-OmitStackTraceInFastThrow, -Dio.netty.noUnsafe=true, -Dio.netty.noKeySetOptimization=true, -Dio.netty.recycler.maxCapacityPerThread=0, -Dlog4j.shutdownHookEnabled=false, -Dlog4j2.disable.jmx=true, -Djava.io.tmpdir=C:\Users\Satish\AppData\Local\Temp\elasticsearch, -XX:+HeapDumpOnOutOfMemoryError, -XX:HeapDumpPath=data, -XX:ErrorFile=logs/hs_err_pid%p.log, -XX:+PrintGCDetails, -XX:+PrintGCDateStamps, -XX:+PrintTenuringDistribution, -XX:+PrintGCApplicationStoppedTime, -Xloggc:logs/gc.log, -XX:+UseGCLogFileRotation, -XX:NumberOfGCLogFiles=32, -XX:GCLogFileSize=64m, -Delasticsearch, -Des.path.home=C:\Users\Satish\Desktop\Yash Assignment\frrole-web-app\elasticsearch-6.3.0, -Des.path.conf=C:\Users\Satish\Desktop\Yash Assignment\frrole-web-app\elasticsearch-6.3.0\config, -Des.distribution.flavor=default, -Des.distribution.type=zip]
[2018-06-19T16:43:50,831][INFO ][o.e.p.PluginsService     ] [lwXRSRU] loaded module [aggs-matrix-stats]
[2018-06-19T16:43:50,831][INFO ][o.e.p.PluginsService     ] [lwXRSRU] loaded module [analysis-common]
[2018-06-19T16:43:50,831][INFO ][o.e.p.PluginsService     ] [lwXRSRU] loaded module [ingest-common]
[2018-06-19T16:43:50,831][INFO ][o.e.p.PluginsService     ] [lwXRSRU] loaded module [lang-expression]
[2018-06-19T16:43:50,831][INFO ][o.e.p.PluginsService     ] [lwXRSRU] loaded module [lang-mustache]
[2018-06-19T16:43:50,831][INFO ][o.e.p.PluginsService     ] [lwXRSRU] loaded module [lang-painless]
[2018-06-19T16:43:50,831][INFO ][o.e.p.PluginsService     ] [lwXRSRU] loaded module [mapper-extras]
[2018-06-19T16:43:50,831][INFO ][o.e.p.PluginsService     ] [lwXRSRU] loaded module [parent-join]
[2018-06-19T16:43:50,831][INFO ][o.e.p.PluginsService     ] [lwXRSRU] loaded module [percolator]
[2018-06-19T16:43:50,831][INFO ][o.e.p.PluginsService     ] [lwXRSRU] loaded module [rank-eval]
[2018-06-19T16:43:50,831][INFO ][o.e.p.PluginsService     ] [lwXRSRU] loaded module [reindex]
[2018-06-19T16:43:50,831][INFO ][o.e.p.PluginsService     ] [lwXRSRU] loaded module [repository-url]
[2018-06-19T16:43:50,831][INFO ][o.e.p.PluginsService     ] [lwXRSRU] loaded module [transport-netty4]
[2018-06-19T16:43:50,831][INFO ][o.e.p.PluginsService     ] [lwXRSRU] loaded module [tribe]
[2018-06-19T16:43:50,831][INFO ][o.e.p.PluginsService     ] [lwXRSRU] loaded module [x-pack-core]
[2018-06-19T16:43:50,831][INFO ][o.e.p.PluginsService     ] [lwXRSRU] loaded module [x-pack-deprecation]
[2018-06-19T16:43:50,831][INFO ][o.e.p.PluginsService     ] [lwXRSRU] loaded module [x-pack-graph]
[2018-06-19T16:43:50,831][INFO ][o.e.p.PluginsService     ] [lwXRSRU] loaded module [x-pack-logstash]
[2018-06-19T16:43:50,831][INFO ][o.e.p.PluginsService     ] [lwXRSRU] loaded module [x-pack-ml]
[2018-06-19T16:43:50,831][INFO ][o.e.p.PluginsService     ] [lwXRSRU] loaded module [x-pack-monitoring]
[2018-06-19T16:43:50,847][INFO ][o.e.p.PluginsService     ] [lwXRSRU] loaded module [x-pack-rollup]
[2018-06-19T16:43:50,847][INFO ][o.e.p.PluginsService     ] [lwXRSRU] loaded module [x-pack-security]
[2018-06-19T16:43:50,847][INFO ][o.e.p.PluginsService     ] [lwXRSRU] loaded module [x-pack-sql]
[2018-06-19T16:43:50,847][INFO ][o.e.p.PluginsService     ] [lwXRSRU] loaded module [x-pack-upgrade]
[2018-06-19T16:43:50,847][INFO ][o.e.p.PluginsService     ] [lwXRSRU] loaded module [x-pack-watcher]
[2018-06-19T16:43:50,847][INFO ][o.e.p.PluginsService     ] [lwXRSRU] no plugins loaded
[2018-06-19T16:44:08,971][INFO ][o.e.x.s.a.s.FileRolesStore] [lwXRSRU] parsed [0] roles from file [C:\Users\Satish\Desktop\Yash Assignment\frrole-web-app\elasticsearch-6.3.0\config\roles.yml]
[2018-06-19T16:44:11,643][INFO ][o.e.x.m.j.p.l.CppLogMessageHandler] [controller/1528] [Main.cc@109] controller (64 bit): Version 6.3.0 (Build 0f0a34c67965d7) Copyright (c) 2018 Elasticsearch BV
[2018-06-19T16:44:12,508][DEBUG][o.e.a.ActionModule       ] Using REST wrapper from plugin org.elasticsearch.xpack.security.Security
[2018-06-19T16:44:13,378][INFO ][o.e.d.DiscoveryModule    ] [lwXRSRU] using discovery type [zen]
[2018-06-19T16:44:15,043][INFO ][o.e.n.Node               ] [lwXRSRU] initialized
[2018-06-19T16:44:15,043][INFO ][o.e.n.Node               ] [lwXRSRU] starting ...
[2018-06-19T16:44:15,966][INFO ][o.e.t.TransportService   ] [lwXRSRU] publish_address {127.0.0.1:9300}, bound_addresses {127.0.0.1:9300}, {[::1]:9300}
[2018-06-19T16:44:19,232][INFO ][o.e.c.s.MasterService    ] [lwXRSRU] zen-disco-elected-as-master ([0] nodes joined)[, ], reason: new_master {lwXRSRU}{lwXRSRUCTlC5yHmqgu12MQ}{-i3EkqNhSEydc-NTvTvnmg}{127.0.0.1}{127.0.0.1:9300}{ml.machine_memory=4039487488, xpack.installed=true, ml.max_open_jobs=20, ml.enabled=true}
[2018-06-19T16:44:19,254][INFO ][o.e.c.s.ClusterApplierService] [lwXRSRU] new_master {lwXRSRU}{lwXRSRUCTlC5yHmqgu12MQ}{-i3EkqNhSEydc-NTvTvnmg}{127.0.0.1}{127.0.0.1:9300}{ml.machine_memory=4039487488, xpack.installed=true, ml.max_open_jobs=20, ml.enabled=true}, reason: apply cluster state (from master [master {lwXRSRU}{lwXRSRUCTlC5yHmqgu12MQ}{-i3EkqNhSEydc-NTvTvnmg}{127.0.0.1}{127.0.0.1:9300}{ml.machine_memory=4039487488, xpack.installed=true, ml.max_open_jobs=20, ml.enabled=true} committed version [1] source [zen-disco-elected-as-master ([0] nodes joined)[, ]]])
[2018-06-19T16:44:19,655][INFO ][o.e.x.s.t.n.SecurityNetty4HttpServerTransport] [lwXRSRU] publish_address {127.0.0.1:9200}, bound_addresses {127.0.0.1:9200}, {[::1]:9200}
[2018-06-19T16:44:19,655][INFO ][o.e.n.Node               ] [lwXRSRU] started
[2018-06-19T16:44:21,034][WARN ][o.e.x.s.a.s.m.NativeRoleMappingStore] [lwXRSRU] Failed to clear cache for realms [[]]
[2018-06-19T16:44:21,188][INFO ][o.e.l.LicenseService     ] [lwXRSRU] license [f9b128bb-0133-49e3-899e-113c92cac85d] mode [basic] - valid
[2018-06-19T16:44:21,255][INFO ][o.e.g.GatewayService     ] [lwXRSRU] recovered [1] indices into cluster_state
[2018-06-19T16:44:28,024][INFO ][o.e.c.r.a.AllocationService] [lwXRSRU] Cluster health status changed from [RED] to [YELLOW] (reason: [shards started [[my-tweets][0]] ...]).
